2025-01-29 15:50:21,516 - INFO - Created a socket
2025-01-30 11:30:48,127 - INFO - Created a socket
2025-01-30 11:32:50,118 - INFO - Created a socket
2025-01-30 11:37:17,540 - INFO - Created a socket
2025-01-30 12:09:55,600 - INFO - Created a socket
2025-01-30 12:11:39,052 - INFO - Created a socket
2025-01-30 12:12:31,110 - INFO - Created a socket
2025-01-30 12:13:21,641 - INFO - Created a socket
2025-01-30 12:50:43,895 - INFO - Created a socket
2025-01-30 12:53:19,944 - INFO - Created a socket
2025-01-30 12:53:33,346 - INFO - Gripper opened.
2025-01-30 12:54:30,665 - INFO - Created a socket
2025-01-30 12:54:53,633 - INFO - Created a socket
2025-01-30 12:54:59,749 - INFO - Gripper opened.
2025-01-30 12:54:59,750 - INFO - The Piper arm is enabled!
2025-01-30 12:55:10,208 - INFO - Gripper opened.
2025-01-30 12:55:14,538 - INFO - Set positions: [-1  0  0  0 15  0]
2025-01-30 12:55:24,675 - ERROR - Motion timeout.
2025-01-30 12:55:24,705 - INFO - Set positions: [-7  0  0  0 15  0]
2025-01-30 12:55:34,832 - ERROR - Motion timeout.
2025-01-30 12:55:34,833 - INFO - Set positions: [-7  0  0  0 15  0]
2025-01-30 12:55:44,957 - ERROR - Motion timeout.
2025-01-30 12:55:44,958 - INFO - Set positions: [-7  0  0  0 15  0]
2025-01-30 12:55:55,076 - ERROR - Motion timeout.
2025-01-30 12:55:55,077 - INFO - Set positions: [-7  0  0  0 15  0]
2025-01-30 12:56:05,203 - ERROR - Motion timeout.
2025-01-30 12:56:05,249 - INFO - Set positions: [-7  0  0  0 15  0]
2025-01-30 12:56:15,378 - ERROR - Motion timeout.
2025-01-30 12:56:15,379 - INFO - Set positions: [-7  0  0  0 15  0]
2025-01-30 13:02:23,625 - INFO - Created a socket
2025-01-30 13:02:28,696 - INFO - Gripper opened.
2025-01-30 13:02:28,696 - INFO - The Piper arm is enabled!
2025-01-30 13:02:33,222 - INFO - Gripper closed.
2025-01-30 13:02:34,917 - INFO - Gripper opened.
2025-01-30 13:02:45,682 - INFO - Set positions: [0, 0, 0, 0, 0.39, 0]
2025-01-30 13:02:45,883 - INFO - Gripper opened.
2025-01-30 13:03:00,438 - INFO - Set positions: [0, 0, 0, 0, 0.39, 0]
2025-01-30 13:03:00,640 - INFO - Gripper opened.
2025-01-30 13:03:11,116 - INFO - Set moving speed to 1%
2025-01-30 13:03:11,116 - INFO - Set positions: [ 0  0  0  0 15  0]
2025-01-30 13:03:21,242 - ERROR - Motion timeout.
2025-01-30 13:03:21,266 - INFO - Set moving speed to 8%
2025-01-30 13:03:21,266 - INFO - Set positions: [ 0  0  0  0 15  0]
2025-01-30 13:03:53,061 - INFO - Created a socket
2025-01-30 13:05:49,609 - INFO - Created a socket
2025-01-30 13:06:04,126 - INFO - Set positions: [0, 0, 0, 0, 0.39, 0]
2025-01-30 13:06:04,246 - ERROR - Motion timeout.
2025-01-30 13:06:04,246 - INFO - Gripper opened.
2025-01-30 13:06:04,246 - INFO - The Piper arm is enabled!
2025-01-30 13:06:14,261 - ERROR - Motion timeout.
2025-01-30 13:06:24,399 - ERROR - Motion timeout.
2025-01-30 13:06:24,400 - INFO - Gripper opened.
2025-01-30 13:06:24,420 - INFO - Set positions: [0, 0, 0, 0, 0.39, 0]
2025-01-30 13:06:34,546 - ERROR - Motion timeout.
2025-01-30 13:06:44,672 - ERROR - Motion timeout.
2025-01-30 13:06:44,672 - INFO - Gripper opened.
2025-01-30 13:06:44,674 - INFO - Set positions: [0, 0, 0, 0, 0.39, 0]
2025-01-30 13:06:54,807 - ERROR - Motion timeout.
2025-01-30 13:07:04,939 - ERROR - Motion timeout.
2025-01-30 13:07:04,940 - INFO - Gripper opened.
2025-01-30 13:08:13,014 - INFO - Created a socket
2025-01-30 13:09:57,338 - INFO - Created a socket
2025-01-30 13:10:01,403 - INFO - Gripper opened.
2025-01-30 13:10:01,405 - INFO - The Piper arm is enabled!
2025-01-30 13:10:14,536 - INFO - Gripper closed.
2025-01-30 13:10:16,038 - INFO - Gripper opened.
2025-01-30 13:10:17,456 - INFO - Set positions: [0, 0, 0, 0, 23, 0]
2025-01-30 13:10:18,660 - INFO - Gripper opened.
2025-01-30 13:10:22,439 - INFO - Set positions: [0, 0, 0, 0, 23, 0]
2025-01-30 13:10:22,641 - INFO - Gripper opened.
2025-01-30 13:11:04,786 - INFO - Set positions: [0, 0, 0, 0, 23, 0]
2025-01-30 13:11:04,987 - INFO - Gripper opened.
2025-01-30 13:11:16,834 - INFO - Created a socket
2025-01-30 13:12:30,378 - INFO - Created a socket
2025-01-30 13:12:38,241 - INFO - Gripper closed.
2025-01-30 13:12:47,542 - INFO - Gripper opened.
2025-01-30 13:12:52,742 - INFO - Gripper opened.
2025-01-30 13:12:52,742 - INFO - The Piper arm is enabled!
2025-01-30 13:13:06,577 - INFO - Set positions: [0, 0, 0, 0, 23, 0]
2025-01-30 13:13:06,780 - INFO - Gripper opened.
2025-01-30 13:13:38,860 - INFO - Set moving speed to 1%
2025-01-30 13:13:38,860 - INFO - Set positions: [ 0  0  0  0 15  0]
2025-01-30 13:13:44,182 - INFO - Set moving speed to 7%
2025-01-30 13:13:44,182 - INFO - Set positions: [ 0  0  0  0 15  0]
2025-01-30 13:13:49,870 - INFO - Set moving speed to 8%
2025-01-30 13:13:49,871 - INFO - Set positions: [ 0  0  0  0 15  0]
2025-01-30 13:13:49,973 - INFO - Set moving speed to 12%
2025-01-30 13:13:49,975 - INFO - Set positions: [ 0  0  0  0 15  0]
2025-01-30 13:13:50,078 - INFO - Set moving speed to 16%
2025-01-30 13:13:50,080 - INFO - Set positions: [ 0  0  0  0 15  0]
2025-01-30 13:13:50,183 - INFO - Set moving speed to 19%
2025-01-30 13:13:50,183 - INFO - Set positions: [ 0  0  0  0 15  0]
2025-01-30 13:13:52,086 - INFO - Set moving speed to 18%
2025-01-30 13:13:52,087 - INFO - Set positions: [ 0  0  0  0 15  0]
2025-01-30 13:13:52,243 - INFO - Set moving speed to 17%
2025-01-30 13:13:52,243 - INFO - Set positions: [ 0  0  0  0 15  0]
2025-01-30 13:13:52,345 - INFO - Set moving speed to 15%
2025-01-30 13:13:52,346 - INFO - Set positions: [ 0  0  0  0 15  0]
2025-01-30 13:13:52,448 - INFO - Set moving speed to 13%
2025-01-30 13:13:52,449 - INFO - Set positions: [ 0  0  0  0 15  0]
2025-01-30 13:13:52,551 - INFO - Set moving speed to 11%
2025-01-30 13:13:52,552 - INFO - Set positions: [ 0  0  0  0 15  0]
2025-01-30 13:13:59,479 - INFO - Set moving speed to 11%
2025-01-30 13:13:59,479 - INFO - Set positions: [-1  0  0  0 15  0]
2025-01-30 13:13:59,582 - INFO - Set moving speed to 11%
2025-01-30 13:13:59,583 - INFO - Set positions: [-2  0  0  0 15  0]
2025-01-30 13:13:59,731 - INFO - Set moving speed to 11%
2025-01-30 13:13:59,731 - INFO - Set positions: [-3  0  0  0 15  0]
2025-01-30 13:13:59,899 - INFO - Set moving speed to 11%
2025-01-30 13:13:59,900 - INFO - Set positions: [-4  0  0  0 15  0]
2025-01-30 13:14:00,716 - INFO - Set moving speed to 11%
2025-01-30 13:14:00,717 - INFO - Set positions: [-5  0  0  0 15  0]
2025-01-30 13:14:00,820 - INFO - Set moving speed to 11%
2025-01-30 13:14:00,820 - INFO - Set positions: [-6  0  0  0 15  0]
2025-01-30 13:14:01,059 - INFO - Set moving speed to 11%
2025-01-30 13:14:01,060 - INFO - Set positions: [-7  0  0  0 15  0]
2025-01-30 13:14:01,204 - INFO - Set moving speed to 11%
2025-01-30 13:14:01,205 - INFO - Set positions: [-8  0  0  0 15  0]
2025-01-30 13:14:01,310 - INFO - Set moving speed to 11%
2025-01-30 13:14:01,310 - INFO - Set positions: [-11   0   0   0  15   0]
2025-01-30 13:14:01,514 - INFO - Set moving speed to 11%
2025-01-30 13:14:01,515 - INFO - Set positions: [-16   0   0   0  15   0]
2025-01-30 13:14:01,920 - INFO - Set moving speed to 11%
2025-01-30 13:14:01,921 - INFO - Set positions: [-19   0   0   0  15   0]
2025-01-30 13:14:05,072 - INFO - Set moving speed to 11%
2025-01-30 13:14:05,073 - INFO - Set positions: [-19   1   0   0  15   0]
2025-01-30 13:14:05,835 - INFO - Set moving speed to 11%
2025-01-30 13:14:05,835 - INFO - Set positions: [-19   2   0   0  15   0]
2025-01-30 13:14:06,120 - INFO - Set moving speed to 11%
2025-01-30 13:14:06,120 - INFO - Set positions: [-19   3   0   0  15   0]
2025-01-30 13:14:06,302 - INFO - Set moving speed to 11%
2025-01-30 13:14:06,304 - INFO - Set positions: [-19   4   0   0  15   0]
2025-01-30 13:14:06,408 - INFO - Set moving speed to 11%
2025-01-30 13:14:06,408 - INFO - Set positions: [-19   5   0   0  15   0]
2025-01-30 13:14:06,512 - INFO - Set moving speed to 11%
2025-01-30 13:14:06,513 - INFO - Set positions: [-19   7   0   0  15   0]
2025-01-30 13:14:06,616 - INFO - Set moving speed to 11%
2025-01-30 13:14:06,617 - INFO - Set positions: [-19   8   0   0  15   0]
2025-01-30 13:14:06,809 - INFO - Set moving speed to 11%
2025-01-30 13:14:06,810 - INFO - Set positions: [-19   9   0   0  15   0]
2025-01-30 13:14:07,226 - INFO - Set moving speed to 11%
2025-01-30 13:14:07,227 - INFO - Set positions: [-19   8   0   0  15   0]
2025-01-30 13:14:07,331 - INFO - Set moving speed to 11%
2025-01-30 13:14:07,332 - INFO - Set positions: [-19   5   0   0  15   0]
2025-01-30 13:14:07,536 - INFO - Set moving speed to 11%
2025-01-30 13:14:07,537 - INFO - Set positions: [-19   0   0   0  15   0]
2025-01-30 13:14:08,665 - INFO - Set moving speed to 11%
2025-01-30 13:14:08,665 - INFO - Set positions: [-19   1   0   0  15   0]
2025-01-30 13:14:08,767 - INFO - Set moving speed to 11%
2025-01-30 13:14:08,768 - INFO - Set positions: [-19   3   0   0  15   0]
2025-01-30 13:14:08,871 - INFO - Set moving speed to 11%
2025-01-30 13:14:08,872 - INFO - Set positions: [-19   5   0   0  15   0]
2025-01-30 13:14:09,076 - INFO - Set moving speed to 11%
2025-01-30 13:14:09,077 - INFO - Set positions: [-19  10   0   0  15   0]
2025-01-30 13:14:09,381 - INFO - Set moving speed to 11%
2025-01-30 13:14:09,382 - INFO - Set positions: [-19  13   0   0  15   0]
2025-01-30 13:14:11,734 - INFO - Set moving speed to 11%
2025-01-30 13:14:11,735 - INFO - Set positions: [-19  13  -1   0  15   0]
2025-01-30 13:14:12,194 - INFO - Set moving speed to 11%
2025-01-30 13:14:12,195 - INFO - Set positions: [-19  13  -2   0  15   0]
2025-01-30 13:14:12,297 - INFO - Set moving speed to 11%
2025-01-30 13:14:12,300 - INFO - Set positions: [-19  13  -7   0  15   0]
2025-01-30 13:14:12,603 - INFO - Set moving speed to 11%
2025-01-30 13:14:12,604 - INFO - Set positions: [-19  13 -15   0  15   0]
2025-01-30 13:14:13,316 - INFO - Set moving speed to 11%
2025-01-30 13:14:13,316 - INFO - Set positions: [-19  13 -43   0  15   0]
2025-01-30 13:14:15,530 - INFO - Set moving speed to 11%
2025-01-30 13:14:15,530 - INFO - Set positions: [-19  13 -92   0  15   0]
2025-01-30 13:14:19,456 - INFO - Set moving speed to 11%
2025-01-30 13:14:19,456 - INFO - Set positions: [-19  13 -94   0  15   0]
2025-01-30 13:14:22,578 - INFO - Set moving speed to 11%
2025-01-30 13:14:22,579 - INFO - Set positions: [-19  13 -93   0  15   0]
2025-01-30 13:14:22,682 - INFO - Set moving speed to 11%
2025-01-30 13:14:22,682 - INFO - Set positions: [-19  13 -91   0  15   0]
2025-01-30 13:14:22,786 - INFO - Set moving speed to 11%
2025-01-30 13:14:22,786 - INFO - Set positions: [-19  13 -88   0  15   0]
2025-01-30 13:14:22,991 - INFO - Set moving speed to 11%
2025-01-30 13:14:22,991 - INFO - Set positions: [-19  13 -85   0  15   0]
2025-01-30 13:14:23,296 - INFO - Set moving speed to 11%
2025-01-30 13:14:23,297 - INFO - Set positions: [-19  13 -83   0  15   0]
2025-01-30 13:14:23,401 - INFO - Set moving speed to 11%
2025-01-30 13:14:23,401 - INFO - Set positions: [-19  13 -82   0  15   0]
2025-01-30 13:14:23,505 - INFO - Set moving speed to 11%
2025-01-30 13:14:23,505 - INFO - Set positions: [-19  13 -81   0  15   0]
2025-01-30 13:14:23,607 - INFO - Set moving speed to 11%
2025-01-30 13:14:23,607 - INFO - Set positions: [-19  13 -79   0  15   0]
2025-01-30 13:14:23,711 - INFO - Set moving speed to 11%
2025-01-30 13:14:23,711 - INFO - Set positions: [-19  13 -78   0  15   0]
2025-01-30 13:14:23,815 - INFO - Set moving speed to 11%
2025-01-30 13:14:23,815 - INFO - Set positions: [-19  13 -76   0  15   0]
2025-01-30 13:14:24,019 - INFO - Set moving speed to 11%
2025-01-30 13:14:24,020 - INFO - Set positions: [-19  13 -73   0  15   0]
2025-01-30 13:14:24,390 - INFO - Set moving speed to 11%
2025-01-30 13:14:24,391 - INFO - Set positions: [-19  13 -72   0  15   0]
2025-01-30 13:14:25,982 - INFO - Set moving speed to 11%
2025-01-30 13:14:25,983 - INFO - Set positions: [-19  13 -71   0  15   0]
2025-01-30 13:14:26,086 - INFO - Set moving speed to 11%
2025-01-30 13:14:26,087 - INFO - Set positions: [-19  13 -69   0  15   0]
2025-01-30 13:14:26,190 - INFO - Set moving speed to 11%
2025-01-30 13:14:26,190 - INFO - Set positions: [-19  13 -67   0  15   0]
2025-01-30 13:14:26,394 - INFO - Set moving speed to 11%
2025-01-30 13:14:26,395 - INFO - Set positions: [-19  13 -63   0  15   0]
2025-01-30 13:14:26,701 - INFO - Set moving speed to 11%
2025-01-30 13:14:26,702 - INFO - Set positions: [-19  13 -62   0  15   0]
2025-01-30 13:14:57,850 - INFO - Gripper opened.
2025-01-30 13:14:57,850 - INFO - The Piper arm is enabled!
2025-01-30 13:15:04,109 - INFO - Set positions: [0, 0, 0, 0, 23, 0]
2025-01-30 13:15:09,122 - INFO - Gripper opened.
2025-01-30 13:16:30,332 - INFO - Created a socket
2025-01-30 13:16:33,696 - INFO - Gripper opened.
2025-01-30 13:16:33,697 - INFO - The Piper arm is enabled!
2025-01-30 13:16:39,757 - INFO - Gripper closed.
2025-01-30 13:16:40,493 - INFO - Gripper opened.
2025-01-30 13:16:47,520 - INFO - Set moving speed to 1%
2025-01-30 13:16:47,521 - INFO - Set positions: [ 0  0  0  0 15  0]
2025-01-30 13:16:52,983 - INFO - Set moving speed to 14%
2025-01-30 13:16:52,984 - INFO - Set positions: [ 0  0  0  0 15  0]
2025-01-30 13:17:03,820 - INFO - Set moving speed to 14%
2025-01-30 13:17:03,820 - INFO - Set positions: [ 1  0  0  0 15  0]
2025-01-30 13:17:03,921 - INFO - Set moving speed to 14%
2025-01-30 13:17:03,921 - INFO - Set positions: [ 3  0  0  0 15  0]
2025-01-30 13:17:04,022 - INFO - Set moving speed to 14%
2025-01-30 13:17:04,023 - INFO - Set positions: [ 6  0  0  0 15  0]
2025-01-30 13:17:04,225 - INFO - Set moving speed to 14%
2025-01-30 13:17:04,225 - INFO - Set positions: [ 7  0  0  0 15  0]
2025-01-30 13:17:06,046 - INFO - Set moving speed to 14%
2025-01-30 13:17:06,047 - INFO - Set positions: [ 7  1  0  0 15  0]
2025-01-30 13:17:06,150 - INFO - Set moving speed to 14%
2025-01-30 13:17:06,151 - INFO - Set positions: [ 7  5  0  0 15  0]
2025-01-30 13:17:06,356 - INFO - Set moving speed to 14%
2025-01-30 13:17:06,357 - INFO - Set positions: [ 7  9  0  0 15  0]
2025-01-30 13:17:06,663 - INFO - Set moving speed to 14%
2025-01-30 13:17:06,665 - INFO - Set positions: [ 7 11  0  0 15  0]
2025-01-30 13:17:06,769 - INFO - Set moving speed to 14%
2025-01-30 13:17:06,770 - INFO - Set positions: [ 7 13  0  0 15  0]
2025-01-30 13:17:06,875 - INFO - Set moving speed to 14%
2025-01-30 13:17:06,876 - INFO - Set positions: [ 7 14  0  0 15  0]
2025-01-30 13:17:07,276 - INFO - Set moving speed to 14%
2025-01-30 13:17:07,276 - INFO - Set positions: [ 7 15  0  0 15  0]
2025-01-30 13:17:07,382 - INFO - Set moving speed to 14%
2025-01-30 13:17:07,383 - INFO - Set positions: [ 7 16  0  0 15  0]
2025-01-30 13:17:07,486 - INFO - Set moving speed to 14%
2025-01-30 13:17:07,486 - INFO - Set positions: [ 7 18  0  0 15  0]
2025-01-30 13:17:09,452 - INFO - Set moving speed to 14%
2025-01-30 13:17:09,453 - INFO - Set positions: [ 7 18 -1  0 15  0]
2025-01-30 13:17:09,557 - INFO - Set moving speed to 14%
2025-01-30 13:17:09,557 - INFO - Set positions: [  7  18 -12   0  15   0]
2025-01-30 13:17:10,263 - INFO - Set moving speed to 14%
2025-01-30 13:17:10,264 - INFO - Set positions: [  7  18 -28   0  15   0]
2025-01-30 13:17:11,278 - INFO - Set moving speed to 14%
2025-01-30 13:17:11,279 - INFO - Set positions: [  7  18 -36   0  15   0]
2025-01-30 13:17:15,180 - INFO - Set moving speed to 14%
2025-01-30 13:17:15,181 - INFO - Set positions: [  7  18 -37   0  15   0]
2025-01-30 13:17:15,283 - INFO - Set moving speed to 14%
2025-01-30 13:17:15,283 - INFO - Set positions: [  7  18 -41   0  15   0]
2025-01-30 13:17:15,487 - INFO - Set moving speed to 14%
2025-01-30 13:17:15,487 - INFO - Set positions: [  7  18 -47   0  15   0]
2025-01-30 13:17:18,770 - INFO - Set moving speed to 14%
2025-01-30 13:17:18,771 - INFO - Set positions: [  7  18 -47   1  15   0]
2025-01-30 13:17:18,872 - INFO - Set moving speed to 14%
2025-01-30 13:17:18,873 - INFO - Set positions: [  7  18 -47   3  15   0]
2025-01-30 13:17:18,977 - INFO - Set moving speed to 14%
2025-01-30 13:17:18,977 - INFO - Set positions: [  7  18 -47   6  15   0]
2025-01-30 13:17:19,182 - INFO - Set moving speed to 14%
2025-01-30 13:17:19,182 - INFO - Set positions: [  7  18 -47   7  15   0]
2025-01-30 13:17:19,286 - INFO - Set moving speed to 14%
2025-01-30 13:17:19,286 - INFO - Set positions: [  7  18 -47   8  15   0]
2025-01-30 13:17:20,961 - INFO - Set moving speed to 14%
2025-01-30 13:17:20,962 - INFO - Set positions: [  7  18 -47   9  15   0]
2025-01-30 13:17:21,066 - INFO - Set moving speed to 14%
2025-01-30 13:17:21,067 - INFO - Set positions: [  7  18 -47  13  15   0]
2025-01-30 13:17:21,272 - INFO - Set moving speed to 14%
2025-01-30 13:17:21,272 - INFO - Set positions: [  7  18 -47  16  15   0]
2025-01-30 13:17:21,476 - INFO - Set moving speed to 14%
2025-01-30 13:17:21,477 - INFO - Set positions: [  7  18 -47  20  15   0]
2025-01-30 13:17:21,782 - INFO - Set moving speed to 14%
2025-01-30 13:17:21,783 - INFO - Set positions: [  7  18 -47  24  15   0]
2025-01-30 13:17:25,358 - INFO - Set moving speed to 14%
2025-01-30 13:17:25,359 - INFO - Set positions: [  7  18 -47  25  15   0]
2025-01-30 13:17:25,461 - INFO - Set moving speed to 14%
2025-01-30 13:17:25,462 - INFO - Set positions: [  7  18 -47  27  15   0]
2025-01-30 13:17:25,566 - INFO - Set moving speed to 14%
2025-01-30 13:17:25,567 - INFO - Set positions: [  7  18 -47  30  15   0]
2025-01-30 13:17:27,159 - INFO - Set moving speed to 14%
2025-01-30 13:17:27,160 - INFO - Set positions: [  7  18 -47  30  14   0]
2025-01-30 13:17:27,265 - INFO - Set moving speed to 14%
2025-01-30 13:17:27,266 - INFO - Set positions: [  7  18 -47  30  12   0]
2025-01-30 13:17:27,368 - INFO - Set moving speed to 14%
2025-01-30 13:17:27,369 - INFO - Set positions: [  7  18 -47  30   8   0]
2025-01-30 13:17:27,673 - INFO - Set moving speed to 14%
2025-01-30 13:17:27,674 - INFO - Set positions: [  7  18 -47  30   5   0]
2025-01-30 13:17:27,878 - INFO - Set moving speed to 14%
2025-01-30 13:17:27,878 - INFO - Set positions: [  7  18 -47  30   0   0]
2025-01-30 13:17:28,183 - INFO - Set moving speed to 14%
2025-01-30 13:17:28,183 - INFO - Set positions: [  7  18 -47  30  -1   0]
2025-01-30 13:17:28,351 - INFO - Set moving speed to 14%
2025-01-30 13:17:28,351 - INFO - Set positions: [  7  18 -47  30   0   0]
2025-01-30 13:17:28,453 - INFO - Set moving speed to 14%
2025-01-30 13:17:28,453 - INFO - Set positions: [  7  18 -47  30   6   0]
2025-01-30 13:17:28,859 - INFO - Set moving speed to 14%
2025-01-30 13:17:28,860 - INFO - Set positions: [  7  18 -47  30  15   0]
2025-01-30 13:17:29,368 - INFO - Set moving speed to 14%
2025-01-30 13:17:29,368 - INFO - Set positions: [  7  18 -47  30  21   0]
2025-01-30 13:17:29,773 - INFO - Set moving speed to 14%
2025-01-30 13:17:29,775 - INFO - Set positions: [  7  18 -47  30  32   0]
2025-01-30 13:17:30,482 - INFO - Set moving speed to 14%
2025-01-30 13:17:30,483 - INFO - Set positions: [  7  18 -47  30  37   0]
2025-01-30 13:17:31,888 - INFO - Set moving speed to 14%
2025-01-30 13:17:31,890 - INFO - Set positions: [  7  18 -47  30  37  -1]
2025-01-30 13:17:31,993 - INFO - Set moving speed to 14%
2025-01-30 13:17:31,993 - INFO - Set positions: [  7  18 -47  30  37  -3]
2025-01-30 13:17:32,096 - INFO - Set moving speed to 14%
2025-01-30 13:17:32,097 - INFO - Set positions: [  7  18 -47  30  37  -5]
2025-01-30 13:17:32,201 - INFO - Set moving speed to 14%
2025-01-30 13:17:32,201 - INFO - Set positions: [  7  18 -47  30  37  -6]
2025-01-30 13:17:32,305 - INFO - Set moving speed to 14%
2025-01-30 13:17:32,306 - INFO - Set positions: [  7  18 -47  30  37 -12]
2025-01-30 13:17:32,709 - INFO - Set moving speed to 14%
2025-01-30 13:17:32,710 - INFO - Set positions: [  7  18 -47  30  37 -22]
2025-01-30 13:17:33,316 - INFO - Set moving speed to 14%
2025-01-30 13:17:33,317 - INFO - Set positions: [  7  18 -47  30  37 -30]
2025-01-30 13:17:33,821 - INFO - Set moving speed to 14%
2025-01-30 13:17:33,821 - INFO - Set positions: [  7  18 -47  30  37 -31]
2025-01-30 13:17:42,210 - WARNING - Arm reset in 10 seconds...Hold the arm!!!
2025-01-30 13:17:43,211 - WARNING - Arm reset in 9 seconds...Hold the arm!!!
2025-01-30 13:17:44,212 - WARNING - Arm reset in 8 seconds...Hold the arm!!!
2025-01-30 13:17:45,214 - WARNING - Arm reset in 7 seconds...Hold the arm!!!
2025-01-30 13:17:46,216 - WARNING - Arm reset in 6 seconds...Hold the arm!!!
2025-01-30 13:17:47,218 - WARNING - Arm reset in 5 seconds...Hold the arm!!!
2025-01-30 13:17:48,219 - WARNING - Arm reset in 4 seconds...Hold the arm!!!
2025-01-30 13:17:49,222 - WARNING - Arm reset in 3 seconds...Hold the arm!!!
2025-01-30 13:17:50,223 - WARNING - Arm reset in 2 seconds...Hold the arm!!!
2025-01-30 13:17:51,224 - WARNING - Arm reset in 1 seconds...Hold the arm!!!
2025-01-30 13:17:52,377 - WARNING - Arm reset in 10 seconds...Hold the arm!!!
2025-01-30 13:17:53,377 - WARNING - Arm reset in 9 seconds...Hold the arm!!!
2025-01-30 13:17:54,379 - WARNING - Arm reset in 8 seconds...Hold the arm!!!
2025-01-30 13:17:55,380 - WARNING - Arm reset in 7 seconds...Hold the arm!!!
2025-01-30 13:17:56,382 - WARNING - Arm reset in 6 seconds...Hold the arm!!!
2025-01-30 13:17:57,383 - WARNING - Arm reset in 5 seconds...Hold the arm!!!
2025-01-30 13:17:58,386 - WARNING - Arm reset in 4 seconds...Hold the arm!!!
2025-01-30 13:17:59,387 - WARNING - Arm reset in 3 seconds...Hold the arm!!!
2025-01-30 13:18:00,389 - WARNING - Arm reset in 2 seconds...Hold the arm!!!
2025-01-30 13:18:01,390 - WARNING - Arm reset in 1 seconds...Hold the arm!!!
2025-01-30 13:18:02,542 - WARNING - Arm reset in 10 seconds...Hold the arm!!!
2025-01-30 13:18:03,544 - WARNING - Arm reset in 9 seconds...Hold the arm!!!
2025-01-30 13:18:16,639 - INFO - Created a socket
2025-01-30 13:18:58,502 - INFO - Gripper opened.
2025-01-30 13:18:58,502 - INFO - The Piper arm is enabled!
2025-01-30 13:19:02,318 - INFO - Set moving speed to 1%
2025-01-30 13:19:02,319 - INFO - Set positions: [ 0  0  0  0 15  0]
2025-01-30 13:19:02,422 - INFO - Set moving speed to 19%
2025-01-30 13:19:02,423 - INFO - Set positions: [ 0  0  0  0 15  0]
2025-01-30 13:19:02,527 - INFO - Set moving speed to 26%
2025-01-30 13:19:02,528 - INFO - Set positions: [ 0  0  0  0 15  0]
2025-01-30 13:19:13,432 - INFO - Gripper opened.
2025-01-30 13:19:13,432 - INFO - The Piper arm is enabled!
2025-01-30 13:19:20,560 - INFO - Set moving speed to 26%
2025-01-30 13:19:20,561 - INFO - Set positions: [-1  0  0  0 15  0]
2025-01-30 13:19:20,663 - INFO - Set moving speed to 26%
2025-01-30 13:19:20,664 - INFO - Set positions: [-3  0  0  0 15  0]
2025-01-30 13:19:20,767 - INFO - Set moving speed to 26%
2025-01-30 13:19:20,767 - INFO - Set positions: [-7  0  0  0 15  0]
2025-01-30 13:19:20,870 - INFO - Set moving speed to 26%
2025-01-30 13:19:20,871 - INFO - Set positions: [-8  0  0  0 15  0]
2025-01-30 13:19:20,973 - INFO - Set moving speed to 26%
2025-01-30 13:19:20,975 - INFO - Set positions: [-9  0  0  0 15  0]
2025-01-30 13:19:47,232 - INFO - Created a socket
2025-01-30 13:19:50,643 - INFO - Gripper opened.
2025-01-30 13:19:50,643 - INFO - The Piper arm is enabled!
2025-01-30 13:19:53,066 - INFO - Set moving speed to 1%
2025-01-30 13:19:53,067 - INFO - Set positions: [ 0  0  0  0 15  0]
2025-01-30 13:19:59,412 - INFO - Set moving speed to 19%
2025-01-30 13:19:59,412 - INFO - Set positions: [ 0  0  0  0 15  0]
2025-01-30 13:20:59,026 - INFO - Set positions: [0, 0, 0, 0, 23, 0]
2025-01-30 13:20:59,528 - INFO - Gripper opened.
2025-01-30 13:21:35,734 - INFO - Created a socket
2025-01-30 13:21:37,712 - INFO - Gripper opened.
2025-01-30 13:21:37,712 - INFO - The Piper arm is enabled!
2025-01-30 13:21:49,897 - INFO - Gripper closed.
2025-01-30 13:21:50,703 - INFO - Gripper opened.
2025-01-30 13:21:52,686 - INFO - Set moving speed to 20%
2025-01-30 13:21:52,687 - INFO - Set positions: [ 1  0  0  0 20  0]
2025-01-30 13:21:52,890 - INFO - Set moving speed to 20%
2025-01-30 13:21:52,891 - INFO - Set positions: [ 7  0  0  0 20  0]
2025-01-30 13:21:53,194 - INFO - Set moving speed to 20%
2025-01-30 13:21:53,194 - INFO - Set positions: [ 8  0  0  0 20  0]
2025-01-30 13:22:04,584 - INFO - Set moving speed to 20%
2025-01-30 13:22:04,586 - INFO - Set positions: [ 9  0  0  0 20  0]
2025-01-30 13:22:04,689 - INFO - Set moving speed to 20%
2025-01-30 13:22:04,690 - INFO - Set positions: [11  0  0  0 20  0]
2025-01-30 13:22:04,793 - INFO - Set moving speed to 20%
2025-01-30 13:22:04,793 - INFO - Set positions: [13  0  0  0 20  0]
2025-01-30 13:22:05,946 - INFO - Set moving speed to 20%
2025-01-30 13:22:05,947 - INFO - Set positions: [14  0  0  0 20  0]
2025-01-30 13:22:06,049 - INFO - Set moving speed to 20%
2025-01-30 13:22:06,049 - INFO - Set positions: [19  0  0  0 20  0]
2025-01-30 13:22:06,253 - INFO - Set moving speed to 20%
2025-01-30 13:22:06,254 - INFO - Set positions: [22  0  0  0 20  0]
2025-01-30 13:22:06,457 - INFO - Set moving speed to 20%
2025-01-30 13:22:06,458 - INFO - Set positions: [28  0  0  0 20  0]
2025-01-30 13:22:06,764 - INFO - Set moving speed to 20%
2025-01-30 13:22:06,764 - INFO - Set positions: [33  0  0  0 20  0]
2025-01-30 13:22:07,222 - INFO - Set moving speed to 20%
2025-01-30 13:22:07,222 - INFO - Set positions: [32  0  0  0 20  0]
2025-01-30 13:22:07,325 - INFO - Set moving speed to 20%
2025-01-30 13:22:07,326 - INFO - Set positions: [26  0  0  0 20  0]
2025-01-30 13:22:07,630 - INFO - Set moving speed to 20%
2025-01-30 13:22:07,631 - INFO - Set positions: [ 3  0  0  0 20  0]
2025-01-30 13:22:08,639 - INFO - Set moving speed to 20%
2025-01-30 13:22:08,639 - INFO - Set positions: [-45   0   0   0  20   0]
2025-01-30 13:22:10,852 - INFO - Set moving speed to 20%
2025-01-30 13:22:10,852 - INFO - Set positions: [23  0  0  0 20  0]
2025-01-30 13:22:13,968 - INFO - Set moving speed to 20%
2025-01-30 13:22:13,968 - INFO - Set positions: [13  0  0  0 20  0]
2025-01-30 13:22:18,286 - INFO - Set moving speed to 20%
2025-01-30 13:22:18,287 - INFO - Set positions: [13  1  0  0 20  0]
2025-01-30 13:22:18,390 - INFO - Set moving speed to 20%
2025-01-30 13:22:18,390 - INFO - Set positions: [13  3  0  0 20  0]
2025-01-30 13:22:18,493 - INFO - Set moving speed to 20%
2025-01-30 13:22:18,494 - INFO - Set positions: [13  5  0  0 20  0]
2025-01-30 13:22:18,598 - INFO - Set moving speed to 20%
2025-01-30 13:22:18,598 - INFO - Set positions: [13  8  0  0 20  0]
2025-01-30 13:22:20,608 - INFO - Set moving speed to 20%
2025-01-30 13:22:20,608 - INFO - Set positions: [13  8 -1  0 20  0]
2025-01-30 13:22:20,713 - INFO - Set moving speed to 20%
2025-01-30 13:22:20,714 - INFO - Set positions: [ 13   8 -11   0  20   0]
2025-01-30 13:22:21,223 - INFO - Set moving speed to 20%
2025-01-30 13:22:21,223 - INFO - Set positions: [ 13   8 -12   0  20   0]
2025-01-30 13:22:23,078 - INFO - Set moving speed to 20%
2025-01-30 13:22:23,079 - INFO - Set positions: [ 13   8 -14   0  20   0]
2025-01-30 13:22:23,182 - INFO - Set moving speed to 20%
2025-01-30 13:22:23,183 - INFO - Set positions: [ 13   8 -19   0  20   0]
2025-01-30 13:22:23,487 - INFO - Set moving speed to 20%
2025-01-30 13:22:23,488 - INFO - Set positions: [ 13   8 -22   0  20   0]
2025-01-30 13:22:25,362 - INFO - Set moving speed to 20%
2025-01-30 13:22:25,362 - INFO - Set positions: [ 13   8 -23   0  20   0]
2025-01-30 13:22:25,468 - INFO - Set moving speed to 20%
2025-01-30 13:22:25,468 - INFO - Set positions: [ 13   8 -24   0  20   0]
2025-01-30 13:22:25,573 - INFO - Set moving speed to 20%
2025-01-30 13:22:25,574 - INFO - Set positions: [ 13   8 -25   0  20   0]
2025-01-30 13:22:29,940 - INFO - Set moving speed to 20%
2025-01-30 13:22:29,942 - INFO - Set positions: [ 13   8 -25   1  20   0]
2025-01-30 13:22:30,046 - INFO - Set moving speed to 20%
2025-01-30 13:22:30,046 - INFO - Set positions: [ 13   8 -25   3  20   0]
2025-01-30 13:22:30,149 - INFO - Set moving speed to 20%
2025-01-30 13:22:30,151 - INFO - Set positions: [ 13   8 -25   5  20   0]
2025-01-30 13:22:30,255 - INFO - Set moving speed to 20%
2025-01-30 13:22:30,257 - INFO - Set positions: [ 13   8 -25   7  20   0]
2025-01-30 13:22:30,359 - INFO - Set moving speed to 20%
2025-01-30 13:22:30,361 - INFO - Set positions: [ 13   8 -25   8  20   0]
2025-01-30 13:22:30,522 - INFO - Set moving speed to 20%
2025-01-30 13:22:30,522 - INFO - Set positions: [ 13   8 -25   9  20   0]
2025-01-30 13:22:30,701 - INFO - Set moving speed to 20%
2025-01-30 13:22:30,702 - INFO - Set positions: [ 13   8 -25  10  20   0]
2025-01-30 13:22:30,806 - INFO - Set moving speed to 20%
2025-01-30 13:22:30,807 - INFO - Set positions: [ 13   8 -25  12  20   0]
2025-01-30 13:22:30,912 - INFO - Set moving speed to 20%
2025-01-30 13:22:30,912 - INFO - Set positions: [ 13   8 -25  15  20   0]
2025-01-30 13:22:31,118 - INFO - Set moving speed to 20%
2025-01-30 13:22:31,118 - INFO - Set positions: [ 13   8 -25  18  20   0]
2025-01-30 13:22:31,323 - INFO - Set moving speed to 20%
2025-01-30 13:22:31,323 - INFO - Set positions: [ 13   8 -25  22  20   0]
2025-01-30 13:22:31,528 - INFO - Set moving speed to 20%
2025-01-30 13:22:31,528 - INFO - Set positions: [ 13   8 -25  26  20   0]
2025-01-30 13:22:31,733 - INFO - Set moving speed to 20%
2025-01-30 13:22:31,733 - INFO - Set positions: [ 13   8 -25  30  20   0]
2025-01-30 13:22:31,937 - INFO - Set moving speed to 20%
2025-01-30 13:22:31,938 - INFO - Set positions: [ 13   8 -25  32  20   0]
2025-01-30 13:22:41,497 - WARNING - Arm reset in 10 seconds...Hold the arm!!!
2025-01-30 13:22:42,497 - WARNING - Arm reset in 9 seconds...Hold the arm!!!
2025-01-30 13:22:43,499 - WARNING - Arm reset in 8 seconds...Hold the arm!!!
2025-01-30 13:22:44,499 - WARNING - Arm reset in 7 seconds...Hold the arm!!!
2025-01-30 13:22:45,501 - WARNING - Arm reset in 6 seconds...Hold the arm!!!
2025-01-30 13:22:46,502 - WARNING - Arm reset in 5 seconds...Hold the arm!!!
2025-01-30 13:22:47,504 - WARNING - Arm reset in 4 seconds...Hold the arm!!!
2025-01-30 13:22:48,506 - WARNING - Arm reset in 3 seconds...Hold the arm!!!
2025-01-30 13:22:49,507 - WARNING - Arm reset in 2 seconds...Hold the arm!!!
2025-01-30 13:22:50,508 - WARNING - Arm reset in 1 seconds...Hold the arm!!!
2025-01-30 13:22:51,661 - WARNING - Arm reset in 10 seconds...Hold the arm!!!
2025-01-30 13:22:52,663 - WARNING - Arm reset in 9 seconds...Hold the arm!!!
2025-01-30 13:22:53,664 - WARNING - Arm reset in 8 seconds...Hold the arm!!!
2025-01-30 13:22:54,666 - WARNING - Arm reset in 7 seconds...Hold the arm!!!
2025-01-30 13:22:55,668 - WARNING - Arm reset in 6 seconds...Hold the arm!!!
2025-01-30 13:22:56,669 - WARNING - Arm reset in 5 seconds...Hold the arm!!!
2025-01-30 13:22:57,671 - WARNING - Arm reset in 4 seconds...Hold the arm!!!
2025-01-30 13:22:58,673 - WARNING - Arm reset in 3 seconds...Hold the arm!!!
2025-01-30 13:22:59,674 - WARNING - Arm reset in 2 seconds...Hold the arm!!!
2025-01-30 13:23:00,675 - WARNING - Arm reset in 1 seconds...Hold the arm!!!
2025-01-30 13:23:01,828 - WARNING - Arm reset in 10 seconds...Hold the arm!!!
2025-01-30 13:23:02,829 - WARNING - Arm reset in 9 seconds...Hold the arm!!!
2025-01-30 13:23:03,830 - WARNING - Arm reset in 8 seconds...Hold the arm!!!
2025-01-30 13:45:04,368 - INFO - Created a socket
2025-01-30 13:45:07,540 - INFO - Gripper opened.
2025-01-30 13:45:07,541 - INFO - The Piper arm is enabled!
2025-01-30 13:45:14,900 - INFO - Set moving speed to 20%
2025-01-30 13:45:14,901 - INFO - Set positions: [ 1  0  0  0 20  0]
2025-01-30 13:45:14,953 - INFO - Set moving speed to 20%
2025-01-30 13:45:14,954 - INFO - Set positions: [ 2  0  0  0 20  0]
2025-01-30 13:45:15,022 - INFO - Set moving speed to 20%
2025-01-30 13:45:15,023 - INFO - Set positions: [ 3  0  0  0 20  0]
2025-01-30 13:45:15,072 - INFO - Set moving speed to 20%
2025-01-30 13:45:15,073 - INFO - Set positions: [ 4  0  0  0 20  0]
2025-01-30 13:45:15,094 - INFO - Set moving speed to 20%
2025-01-30 13:45:15,095 - INFO - Set positions: [ 5  0  0  0 20  0]
2025-01-30 13:45:15,164 - INFO - Set moving speed to 20%
2025-01-30 13:45:15,166 - INFO - Set positions: [ 6  0  0  0 20  0]
2025-01-30 13:45:19,598 - INFO - Set moving speed to 20%
2025-01-30 13:45:19,599 - INFO - Set positions: [ 7  0  0  0 20  0]
2025-01-30 13:45:19,681 - INFO - Set moving speed to 20%
2025-01-30 13:45:19,682 - INFO - Set positions: [ 8  0  0  0 20  0]
2025-01-30 13:45:20,188 - INFO - Set moving speed to 20%
2025-01-30 13:45:20,189 - INFO - Set positions: [ 9  0  0  0 20  0]
2025-01-30 13:45:20,808 - INFO - Set moving speed to 20%
2025-01-30 13:45:20,811 - INFO - Set positions: [10  0  0  0 20  0]
2025-01-30 13:45:20,941 - INFO - Set moving speed to 20%
2025-01-30 13:45:20,942 - INFO - Set positions: [11  0  0  0 20  0]
2025-01-30 13:45:21,236 - INFO - Set moving speed to 20%
2025-01-30 13:45:21,237 - INFO - Set positions: [12  0  0  0 20  0]
2025-01-30 13:45:21,342 - INFO - Set moving speed to 20%
2025-01-30 13:45:21,343 - INFO - Set positions: [13  0  0  0 20  0]
2025-01-30 13:45:21,484 - INFO - Set moving speed to 20%
2025-01-30 13:45:21,485 - INFO - Set positions: [14  0  0  0 20  0]
2025-01-30 13:45:22,026 - INFO - Set moving speed to 20%
2025-01-30 13:45:22,027 - INFO - Set positions: [15  0  0  0 20  0]
2025-01-30 13:45:22,094 - INFO - Set moving speed to 20%
2025-01-30 13:45:22,096 - INFO - Set positions: [16  0  0  0 20  0]
2025-01-30 13:45:22,246 - INFO - Set moving speed to 20%
2025-01-30 13:45:22,247 - INFO - Set positions: [17  0  0  0 20  0]
2025-01-30 13:45:22,300 - INFO - Set moving speed to 20%
2025-01-30 13:45:22,301 - INFO - Set positions: [18  0  0  0 20  0]
2025-01-30 13:45:22,396 - INFO - Set moving speed to 20%
2025-01-30 13:45:22,396 - INFO - Set positions: [19  0  0  0 20  0]
2025-01-30 13:45:22,452 - INFO - Set moving speed to 20%
2025-01-30 13:45:22,453 - INFO - Set positions: [20  0  0  0 20  0]
2025-01-30 13:45:22,478 - INFO - Set moving speed to 20%
2025-01-30 13:45:22,479 - INFO - Set positions: [21  0  0  0 20  0]
2025-01-30 13:45:22,518 - INFO - Set moving speed to 20%
2025-01-30 13:45:22,519 - INFO - Set positions: [22  0  0  0 20  0]
2025-01-30 13:45:22,559 - INFO - Set moving speed to 20%
2025-01-30 13:45:22,560 - INFO - Set positions: [23  0  0  0 20  0]
2025-01-30 13:45:22,628 - INFO - Set moving speed to 20%
2025-01-30 13:45:22,631 - INFO - Set positions: [24  0  0  0 20  0]
2025-01-30 13:45:22,665 - INFO - Set moving speed to 20%
2025-01-30 13:45:22,666 - INFO - Set positions: [25  0  0  0 20  0]
2025-01-30 13:45:22,735 - INFO - Set moving speed to 20%
2025-01-30 13:45:22,736 - INFO - Set positions: [26  0  0  0 20  0]
2025-01-30 13:45:22,846 - INFO - Set moving speed to 20%
2025-01-30 13:45:22,847 - INFO - Set positions: [27  0  0  0 20  0]
2025-01-30 13:45:22,952 - INFO - Set moving speed to 20%
2025-01-30 13:45:22,953 - INFO - Set positions: [26  0  0  0 20  0]
2025-01-30 13:45:22,960 - INFO - Set moving speed to 20%
2025-01-30 13:45:22,961 - INFO - Set positions: [25  0  0  0 20  0]
2025-01-30 13:45:22,976 - INFO - Set moving speed to 20%
2025-01-30 13:45:22,977 - INFO - Set positions: [24  0  0  0 20  0]
2025-01-30 13:45:22,982 - INFO - Set moving speed to 20%
2025-01-30 13:45:22,983 - INFO - Set positions: [23  0  0  0 20  0]
2025-01-30 13:45:22,996 - INFO - Set moving speed to 20%
2025-01-30 13:45:22,997 - INFO - Set positions: [22  0  0  0 20  0]
2025-01-30 13:45:23,010 - INFO - Set moving speed to 20%
2025-01-30 13:45:23,011 - INFO - Set positions: [21  0  0  0 20  0]
2025-01-30 13:45:23,027 - INFO - Set moving speed to 20%
2025-01-30 13:45:23,027 - INFO - Set positions: [20  0  0  0 20  0]
2025-01-30 13:45:23,032 - INFO - Set moving speed to 20%
2025-01-30 13:45:23,032 - INFO - Set positions: [19  0  0  0 20  0]
2025-01-30 13:45:23,046 - INFO - Set moving speed to 20%
2025-01-30 13:45:23,046 - INFO - Set positions: [18  0  0  0 20  0]
2025-01-30 13:45:23,062 - INFO - Set moving speed to 20%
2025-01-30 13:45:23,063 - INFO - Set positions: [17  0  0  0 20  0]
2025-01-30 13:45:23,078 - INFO - Set moving speed to 20%
2025-01-30 13:45:23,080 - INFO - Set positions: [16  0  0  0 20  0]
2025-01-30 13:45:23,093 - INFO - Set moving speed to 20%
2025-01-30 13:45:23,094 - INFO - Set positions: [15  0  0  0 20  0]
2025-01-30 13:45:23,110 - INFO - Set moving speed to 20%
2025-01-30 13:45:23,111 - INFO - Set positions: [14  0  0  0 20  0]
2025-01-30 13:45:23,132 - INFO - Set moving speed to 20%
2025-01-30 13:45:23,133 - INFO - Set positions: [13  0  0  0 20  0]
2025-01-30 13:45:23,168 - INFO - Set moving speed to 20%
2025-01-30 13:45:23,170 - INFO - Set positions: [12  0  0  0 20  0]
2025-01-30 13:45:23,198 - INFO - Set moving speed to 20%
2025-01-30 13:45:23,201 - INFO - Set positions: [11  0  0  0 20  0]
2025-01-30 13:45:23,247 - INFO - Set moving speed to 20%
2025-01-30 13:45:23,249 - INFO - Set positions: [10  0  0  0 20  0]
2025-01-30 13:45:23,261 - INFO - Set moving speed to 20%
2025-01-30 13:45:23,262 - INFO - Set positions: [ 9  0  0  0 20  0]
2025-01-30 13:45:23,295 - INFO - Set moving speed to 20%
2025-01-30 13:45:23,296 - INFO - Set positions: [ 8  0  0  0 20  0]
2025-01-30 13:45:23,311 - INFO - Set moving speed to 20%
2025-01-30 13:45:23,312 - INFO - Set positions: [ 7  0  0  0 20  0]
2025-01-30 13:45:23,328 - INFO - Set moving speed to 20%
2025-01-30 13:45:23,331 - INFO - Set positions: [ 6  0  0  0 20  0]
2025-01-30 13:45:23,343 - INFO - Set moving speed to 20%
2025-01-30 13:45:23,344 - INFO - Set positions: [ 5  0  0  0 20  0]
2025-01-30 13:45:23,377 - INFO - Set moving speed to 20%
2025-01-30 13:45:23,377 - INFO - Set positions: [ 4  0  0  0 20  0]
2025-01-30 13:45:23,396 - INFO - Set moving speed to 20%
2025-01-30 13:45:23,397 - INFO - Set positions: [ 3  0  0  0 20  0]
2025-01-30 13:45:23,421 - INFO - Set moving speed to 20%
2025-01-30 13:45:23,421 - INFO - Set positions: [ 2  0  0  0 20  0]
2025-01-30 13:45:23,446 - INFO - Set moving speed to 20%
2025-01-30 13:45:23,446 - INFO - Set positions: [ 1  0  0  0 20  0]
2025-01-30 13:45:23,460 - INFO - Set moving speed to 20%
2025-01-30 13:45:23,461 - INFO - Set positions: [ 0  0  0  0 20  0]
2025-01-30 13:45:23,486 - INFO - Set moving speed to 20%
2025-01-30 13:45:23,487 - INFO - Set positions: [-1  0  0  0 20  0]
2025-01-30 13:45:23,494 - INFO - Set moving speed to 20%
2025-01-30 13:45:23,495 - INFO - Set positions: [-2  0  0  0 20  0]
2025-01-30 13:45:23,502 - INFO - Set moving speed to 20%
2025-01-30 13:45:23,503 - INFO - Set positions: [-3  0  0  0 20  0]
2025-01-30 13:45:23,518 - INFO - Set moving speed to 20%
2025-01-30 13:45:23,518 - INFO - Set positions: [-4  0  0  0 20  0]
2025-01-30 13:45:23,527 - INFO - Set moving speed to 20%
2025-01-30 13:45:23,528 - INFO - Set positions: [-5  0  0  0 20  0]
2025-01-30 13:45:23,544 - INFO - Set moving speed to 20%
2025-01-30 13:45:23,545 - INFO - Set positions: [-6  0  0  0 20  0]
2025-01-30 13:45:23,548 - INFO - Set moving speed to 20%
2025-01-30 13:45:23,548 - INFO - Set positions: [-7  0  0  0 20  0]
2025-01-30 13:45:23,578 - INFO - Set moving speed to 20%
2025-01-30 13:45:23,578 - INFO - Set positions: [-8  0  0  0 20  0]
2025-01-30 13:45:23,604 - INFO - Set moving speed to 20%
2025-01-30 13:45:23,605 - INFO - Set positions: [-9  0  0  0 20  0]
2025-01-30 13:45:23,630 - INFO - Set moving speed to 20%
2025-01-30 13:45:23,631 - INFO - Set positions: [-10   0   0   0  20   0]
2025-01-30 13:45:23,655 - INFO - Set moving speed to 20%
2025-01-30 13:45:23,656 - INFO - Set positions: [-11   0   0   0  20   0]
2025-01-30 13:45:23,701 - INFO - Set moving speed to 20%
2025-01-30 13:45:23,701 - INFO - Set positions: [-12   0   0   0  20   0]
2025-01-30 13:45:23,727 - INFO - Set moving speed to 20%
2025-01-30 13:45:23,728 - INFO - Set positions: [-13   0   0   0  20   0]
2025-01-30 13:45:23,766 - INFO - Set moving speed to 20%
2025-01-30 13:45:23,767 - INFO - Set positions: [-14   0   0   0  20   0]
2025-01-30 13:45:23,797 - INFO - Set moving speed to 20%
2025-01-30 13:45:23,798 - INFO - Set positions: [-15   0   0   0  20   0]
2025-01-30 13:45:23,816 - INFO - Set moving speed to 20%
2025-01-30 13:45:23,817 - INFO - Set positions: [-16   0   0   0  20   0]
2025-01-30 13:45:23,836 - INFO - Set moving speed to 20%
2025-01-30 13:45:23,836 - INFO - Set positions: [-17   0   0   0  20   0]
2025-01-30 13:45:23,850 - INFO - Set moving speed to 20%
2025-01-30 13:45:23,851 - INFO - Set positions: [-18   0   0   0  20   0]
2025-01-30 13:45:23,878 - INFO - Set moving speed to 20%
2025-01-30 13:45:23,878 - INFO - Set positions: [-19   0   0   0  20   0]
2025-01-30 13:45:23,912 - INFO - Set moving speed to 20%
2025-01-30 13:45:23,913 - INFO - Set positions: [-20   0   0   0  20   0]
2025-01-30 13:45:23,932 - INFO - Set moving speed to 20%
2025-01-30 13:45:23,933 - INFO - Set positions: [-21   0   0   0  20   0]
2025-01-30 13:45:23,966 - INFO - Set moving speed to 20%
2025-01-30 13:45:23,967 - INFO - Set positions: [-22   0   0   0  20   0]
2025-01-30 13:45:23,989 - INFO - Set moving speed to 20%
2025-01-30 13:45:23,992 - INFO - Set positions: [-23   0   0   0  20   0]
2025-01-30 13:45:24,039 - INFO - Set moving speed to 20%
2025-01-30 13:45:24,042 - INFO - Set positions: [-24   0   0   0  20   0]
2025-01-30 13:45:24,118 - INFO - Set moving speed to 20%
2025-01-30 13:45:24,119 - INFO - Set positions: [-25   0   0   0  20   0]
2025-01-30 13:45:24,128 - INFO - Set moving speed to 20%
2025-01-30 13:45:24,130 - INFO - Set positions: [-26   0   0   0  20   0]
2025-01-30 13:45:24,138 - INFO - Set moving speed to 20%
2025-01-30 13:45:24,141 - INFO - Set positions: [-27   0   0   0  20   0]
2025-01-30 13:45:24,161 - INFO - Set moving speed to 20%
2025-01-30 13:45:24,161 - INFO - Set positions: [-28   0   0   0  20   0]
2025-01-30 13:45:24,245 - INFO - Set moving speed to 20%
2025-01-30 13:45:24,246 - INFO - Set positions: [-29   0   0   0  20   0]
2025-01-30 13:45:24,381 - INFO - Set moving speed to 20%
2025-01-30 13:45:24,381 - INFO - Set positions: [-30   0   0   0  20   0]
2025-01-30 13:45:28,118 - INFO - Set moving speed to 20%
2025-01-30 13:45:28,119 - INFO - Set positions: [-30   1   0   0  20   0]
2025-01-30 13:45:28,572 - INFO - Set moving speed to 20%
2025-01-30 13:45:28,573 - INFO - Set positions: [-30   2   0   0  20   0]
2025-01-30 13:45:28,720 - INFO - Set moving speed to 20%
2025-01-30 13:45:28,721 - INFO - Set positions: [-30   3   0   0  20   0]
2025-01-30 13:45:30,871 - INFO - Set moving speed to 20%
2025-01-30 13:45:30,872 - INFO - Set positions: [-30   3  -1   0  20   0]
2025-01-30 13:45:30,883 - INFO - Set moving speed to 20%
2025-01-30 13:45:30,884 - INFO - Set positions: [-30   3  -2   0  20   0]
2025-01-30 13:45:30,887 - INFO - Set moving speed to 20%
2025-01-30 13:45:30,888 - INFO - Set positions: [-30   3  -3   0  20   0]
2025-01-30 13:45:31,125 - INFO - Set moving speed to 20%
2025-01-30 13:45:31,125 - INFO - Set positions: [-30   3  -4   0  20   0]
2025-01-30 13:45:31,151 - INFO - Set moving speed to 20%
2025-01-30 13:45:31,151 - INFO - Set positions: [-30   3  -5   0  20   0]
2025-01-30 13:45:31,160 - INFO - Set moving speed to 20%
2025-01-30 13:45:31,161 - INFO - Set positions: [-30   3  -6   0  20   0]
2025-01-30 13:45:31,190 - INFO - Set moving speed to 20%
2025-01-30 13:45:31,191 - INFO - Set positions: [-30   3  -7   0  20   0]
2025-01-30 13:45:31,256 - INFO - Set moving speed to 20%
2025-01-30 13:45:31,257 - INFO - Set positions: [-30   3  -8   0  20   0]
2025-01-30 13:45:31,340 - INFO - Set moving speed to 20%
2025-01-30 13:45:31,341 - INFO - Set positions: [-30   3  -9   0  20   0]
2025-01-30 13:45:31,384 - INFO - Set moving speed to 20%
2025-01-30 13:45:31,385 - INFO - Set positions: [-30   3 -10   0  20   0]
2025-01-30 13:45:31,401 - INFO - Set moving speed to 20%
2025-01-30 13:45:31,402 - INFO - Set positions: [-30   3 -11   0  20   0]
2025-01-30 13:45:31,422 - INFO - Set moving speed to 20%
2025-01-30 13:45:31,423 - INFO - Set positions: [-30   3 -12   0  20   0]
2025-01-30 13:45:31,467 - INFO - Set moving speed to 20%
2025-01-30 13:45:31,468 - INFO - Set positions: [-30   3 -13   0  20   0]
2025-01-30 13:45:31,479 - INFO - Set moving speed to 20%
2025-01-30 13:45:31,479 - INFO - Set positions: [-30   3 -14   0  20   0]
2025-01-30 13:45:31,568 - INFO - Set moving speed to 20%
2025-01-30 13:45:31,571 - INFO - Set positions: [-30   3 -15   0  20   0]
2025-01-30 13:45:31,668 - INFO - Set moving speed to 20%
2025-01-30 13:45:31,669 - INFO - Set positions: [-30   3 -16   0  20   0]
2025-01-30 13:45:31,705 - INFO - Set moving speed to 20%
2025-01-30 13:45:31,706 - INFO - Set positions: [-30   3 -17   0  20   0]
2025-01-30 13:45:31,801 - INFO - Set moving speed to 20%
2025-01-30 13:45:31,802 - INFO - Set positions: [-30   3 -18   0  20   0]
2025-01-30 13:45:31,806 - INFO - Set moving speed to 20%
2025-01-30 13:45:31,807 - INFO - Set positions: [-30   3 -19   0  20   0]
2025-01-30 13:45:31,821 - INFO - Set moving speed to 20%
2025-01-30 13:45:31,822 - INFO - Set positions: [-30   3 -20   0  20   0]
2025-01-30 13:45:31,870 - INFO - Set moving speed to 20%
2025-01-30 13:45:31,871 - INFO - Set positions: [-30   3 -21   0  20   0]
2025-01-30 13:45:31,886 - INFO - Set moving speed to 20%
2025-01-30 13:45:31,887 - INFO - Set positions: [-30   3 -22   0  20   0]
2025-01-30 13:45:31,917 - INFO - Set moving speed to 20%
2025-01-30 13:45:31,918 - INFO - Set positions: [-30   3 -23   0  20   0]
2025-01-30 13:45:31,962 - INFO - Set moving speed to 20%
2025-01-30 13:45:31,963 - INFO - Set positions: [-30   3 -24   0  20   0]
2025-01-30 13:45:32,017 - INFO - Set moving speed to 20%
2025-01-30 13:45:32,018 - INFO - Set positions: [-30   3 -25   0  20   0]
2025-01-30 13:45:32,052 - INFO - Set moving speed to 20%
2025-01-30 13:45:32,053 - INFO - Set positions: [-30   3 -26   0  20   0]
2025-01-30 13:45:32,068 - INFO - Set moving speed to 20%
2025-01-30 13:45:32,070 - INFO - Set positions: [-30   3 -27   0  20   0]
2025-01-30 13:45:32,118 - INFO - Set moving speed to 20%
2025-01-30 13:45:32,120 - INFO - Set positions: [-30   3 -28   0  20   0]
2025-01-30 13:45:32,175 - INFO - Set moving speed to 20%
2025-01-30 13:45:32,176 - INFO - Set positions: [-30   3 -29   0  20   0]
2025-01-30 13:45:32,287 - INFO - Set moving speed to 20%
2025-01-30 13:45:32,288 - INFO - Set positions: [-30   3 -30   0  20   0]
2025-01-30 13:45:32,326 - INFO - Set moving speed to 20%
2025-01-30 13:45:32,327 - INFO - Set positions: [-30   3 -31   0  20   0]
2025-01-30 13:45:32,401 - INFO - Set moving speed to 20%
2025-01-30 13:45:32,401 - INFO - Set positions: [-30   3 -32   0  20   0]
2025-01-30 13:45:32,446 - INFO - Set moving speed to 20%
2025-01-30 13:45:32,447 - INFO - Set positions: [-30   3 -33   0  20   0]
2025-01-30 13:45:32,468 - INFO - Set moving speed to 20%
2025-01-30 13:45:32,468 - INFO - Set positions: [-30   3 -34   0  20   0]
2025-01-30 13:45:32,590 - INFO - Set moving speed to 20%
2025-01-30 13:45:32,591 - INFO - Set positions: [-30   3 -35   0  20   0]
2025-01-30 13:45:32,604 - INFO - Set moving speed to 20%
2025-01-30 13:45:32,606 - INFO - Set positions: [-30   3 -36   0  20   0]
2025-01-30 13:45:33,088 - INFO - Set moving speed to 20%
2025-01-30 13:45:33,089 - INFO - Set positions: [-30   3 -35   0  20   0]
2025-01-30 13:45:33,119 - INFO - Set moving speed to 20%
2025-01-30 13:45:33,121 - INFO - Set positions: [-30   3 -34   0  20   0]
2025-01-30 13:45:33,140 - INFO - Set moving speed to 20%
2025-01-30 13:45:33,141 - INFO - Set positions: [-30   3 -33   0  20   0]
2025-01-30 13:45:33,170 - INFO - Set moving speed to 20%
2025-01-30 13:45:33,172 - INFO - Set positions: [-30   3 -32   0  20   0]
2025-01-30 13:45:33,236 - INFO - Set moving speed to 20%
2025-01-30 13:45:33,237 - INFO - Set positions: [-30   3 -31   0  20   0]
2025-01-30 13:45:33,336 - INFO - Set moving speed to 20%
2025-01-30 13:45:33,337 - INFO - Set positions: [-30   3 -30   0  20   0]
2025-01-30 13:45:33,372 - INFO - Set moving speed to 20%
2025-01-30 13:45:33,373 - INFO - Set positions: [-30   3 -29   0  20   0]
2025-01-30 13:45:33,442 - INFO - Set moving speed to 20%
2025-01-30 13:45:33,443 - INFO - Set positions: [-30   3 -28   0  20   0]
2025-01-30 13:45:33,472 - INFO - Set moving speed to 20%
2025-01-30 13:45:33,473 - INFO - Set positions: [-30   3 -27   0  20   0]
2025-01-30 13:45:33,502 - INFO - Set moving speed to 20%
2025-01-30 13:45:33,503 - INFO - Set positions: [-30   3 -26   0  20   0]
2025-01-30 13:45:33,552 - INFO - Set moving speed to 20%
2025-01-30 13:45:33,553 - INFO - Set positions: [-30   3 -25   0  20   0]
2025-01-30 13:45:33,604 - INFO - Set moving speed to 20%
2025-01-30 13:45:33,605 - INFO - Set positions: [-30   3 -24   0  20   0]
2025-01-30 13:45:33,635 - INFO - Set moving speed to 20%
2025-01-30 13:45:33,636 - INFO - Set positions: [-30   3 -23   0  20   0]
2025-01-30 13:45:33,660 - INFO - Set moving speed to 20%
2025-01-30 13:45:33,661 - INFO - Set positions: [-30   3 -22   0  20   0]
2025-01-30 13:45:33,691 - INFO - Set moving speed to 20%
2025-01-30 13:45:33,692 - INFO - Set positions: [-30   3 -21   0  20   0]
2025-01-30 13:45:33,740 - INFO - Set moving speed to 20%
2025-01-30 13:45:33,741 - INFO - Set positions: [-30   3 -20   0  20   0]
2025-01-30 13:45:33,857 - INFO - Set moving speed to 20%
2025-01-30 13:45:33,858 - INFO - Set positions: [-30   3 -19   0  20   0]
2025-01-30 13:45:35,776 - INFO - Set positions: [0, 0, 0, 0, 23, 0]
2025-01-30 13:45:35,777 - INFO - Gripper opened.
2025-01-30 13:49:30,282 - INFO - Created a socket
2025-01-30 13:49:32,889 - INFO - Gripper opened.
2025-01-30 13:49:32,889 - INFO - The Piper arm is enabled!
2025-01-30 13:49:39,103 - INFO - Set moving speed to 20%
2025-01-30 13:49:39,176 - INFO - Set moving speed to 20%
2025-01-30 13:49:39,245 - INFO - Set moving speed to 20%
2025-01-30 13:49:39,324 - INFO - Set moving speed to 20%
2025-01-30 13:49:39,365 - INFO - Set moving speed to 20%
2025-01-30 13:49:39,397 - INFO - Set moving speed to 20%
2025-01-30 13:49:39,425 - INFO - Set moving speed to 20%
2025-01-30 13:49:39,477 - INFO - Set moving speed to 20%
2025-01-30 13:49:39,510 - INFO - Set moving speed to 20%
2025-01-30 13:49:39,608 - INFO - Set moving speed to 20%
2025-01-30 13:49:39,800 - INFO - Set positions: [ 8  0  0  0 20  0]
2025-01-30 13:49:42,211 - INFO - Set moving speed to 20%
2025-01-30 13:49:42,235 - INFO - Set moving speed to 20%
2025-01-30 13:49:42,251 - INFO - Set moving speed to 20%
2025-01-30 13:49:42,265 - INFO - Set moving speed to 20%
2025-01-30 13:49:42,280 - INFO - Set moving speed to 20%
2025-01-30 13:49:42,296 - INFO - Set moving speed to 20%
2025-01-30 13:49:42,310 - INFO - Set moving speed to 20%
2025-01-30 13:49:42,321 - INFO - Set moving speed to 20%
2025-01-30 13:49:42,414 - INFO - Set moving speed to 20%
2025-01-30 13:49:42,605 - INFO - Set positions: [17  0  0  0 20  0]
2025-01-30 13:49:43,901 - INFO - Set moving speed to 20%
2025-01-30 13:49:43,944 - INFO - Set moving speed to 20%
2025-01-30 13:49:43,945 - INFO - Set moving speed to 20%
2025-01-30 13:49:43,955 - INFO - Set moving speed to 20%
2025-01-30 13:49:43,970 - INFO - Set moving speed to 20%
2025-01-30 13:49:43,984 - INFO - Set moving speed to 20%
2025-01-30 13:49:44,011 - INFO - Set moving speed to 20%
2025-01-30 13:49:44,037 - INFO - Set moving speed to 20%
2025-01-30 13:49:44,094 - INFO - Set moving speed to 20%
2025-01-30 13:49:44,117 - INFO - Set moving speed to 20%
2025-01-30 13:49:44,134 - INFO - Set moving speed to 20%
2025-01-30 13:49:44,146 - INFO - Set moving speed to 20%
2025-01-30 13:49:44,183 - INFO - Set moving speed to 20%
2025-01-30 13:49:44,203 - INFO - Set moving speed to 20%
2025-01-30 13:49:44,394 - INFO - Set positions: [33  0  0  0 20  0]
2025-01-30 13:49:49,751 - INFO - Set moving speed to 20%
2025-01-30 13:49:49,961 - INFO - Set positions: [33  0 -1  0 20  0]
2025-01-30 13:49:49,984 - INFO - Set moving speed to 20%
2025-01-30 13:49:50,194 - INFO - Set positions: [33  0 -2  0 20  0]
2025-01-30 13:49:50,431 - INFO - Set moving speed to 20%
2025-01-30 13:49:50,622 - INFO - Set positions: [33  0 -3  0 20  0]
2025-01-30 13:49:50,633 - INFO - Set moving speed to 20%
2025-01-30 13:49:50,759 - INFO - Set moving speed to 20%
2025-01-30 13:49:50,899 - INFO - Set moving speed to 20%
2025-01-30 13:49:51,017 - INFO - Set moving speed to 20%
2025-01-30 13:49:51,067 - INFO - Set moving speed to 20%
2025-01-30 13:49:51,103 - INFO - Set moving speed to 20%
2025-01-30 13:49:51,137 - INFO - Set moving speed to 20%
2025-01-30 13:49:51,159 - INFO - Set moving speed to 20%
2025-01-30 13:49:51,209 - INFO - Set moving speed to 20%
2025-01-30 13:49:51,250 - INFO - Set moving speed to 20%
2025-01-30 13:49:51,283 - INFO - Set moving speed to 20%
2025-01-30 13:49:51,319 - INFO - Set moving speed to 20%
2025-01-30 13:49:51,350 - INFO - Set moving speed to 20%
2025-01-30 13:49:51,385 - INFO - Set moving speed to 20%
2025-01-30 13:49:51,425 - INFO - Set moving speed to 20%
2025-01-30 13:49:51,471 - INFO - Set moving speed to 20%
2025-01-30 13:49:51,521 - INFO - Set moving speed to 20%
2025-01-30 13:49:51,557 - INFO - Set moving speed to 20%
2025-01-30 13:49:51,584 - INFO - Set moving speed to 20%
2025-01-30 13:49:51,617 - INFO - Set moving speed to 20%
2025-01-30 13:49:51,673 - INFO - Set moving speed to 20%
2025-01-30 13:49:51,694 - INFO - Set moving speed to 20%
2025-01-30 13:49:51,759 - INFO - Set moving speed to 20%
2025-01-30 13:49:51,971 - INFO - Set positions: [ 33   0 -26   0  20   0]
2025-01-30 13:49:58,305 - INFO - Set moving speed to 20%
2025-01-30 13:49:58,325 - INFO - Set moving speed to 20%
2025-01-30 13:49:58,330 - INFO - Set moving speed to 20%
2025-01-30 13:49:58,345 - INFO - Set moving speed to 20%
2025-01-30 13:49:58,356 - INFO - Set moving speed to 20%
2025-01-30 13:49:58,365 - INFO - Set moving speed to 20%
2025-01-30 13:49:58,373 - INFO - Set moving speed to 20%
2025-01-30 13:49:58,381 - INFO - Set moving speed to 20%
2025-01-30 13:49:58,389 - INFO - Set moving speed to 20%
2025-01-30 13:49:58,395 - INFO - Set moving speed to 20%
2025-01-30 13:49:58,401 - INFO - Set moving speed to 20%
2025-01-30 13:49:58,424 - INFO - Set moving speed to 20%
2025-01-30 13:49:58,459 - INFO - Set moving speed to 20%
2025-01-30 13:49:58,489 - INFO - Set moving speed to 20%
2025-01-30 13:49:58,680 - INFO - Set positions: [ 33   0 -26  15  20   0]
2025-01-30 13:50:01,033 - INFO - Set moving speed to 20%
2025-01-30 13:50:01,053 - INFO - Set moving speed to 20%
2025-01-30 13:50:01,063 - INFO - Set moving speed to 20%
2025-01-30 13:50:01,094 - INFO - Set moving speed to 20%
2025-01-30 13:50:01,104 - INFO - Set moving speed to 20%
2025-01-30 13:50:01,129 - INFO - Set moving speed to 20%
2025-01-30 13:50:01,149 - INFO - Set moving speed to 20%
2025-01-30 13:50:01,175 - INFO - Set moving speed to 20%
2025-01-30 13:50:01,209 - INFO - Set moving speed to 20%
2025-01-30 13:50:01,229 - INFO - Set moving speed to 20%
2025-01-30 13:50:01,259 - INFO - Set moving speed to 20%
2025-01-30 13:50:01,294 - INFO - Set moving speed to 20%
2025-01-30 13:50:01,337 - INFO - Set moving speed to 20%
2025-01-30 13:50:01,433 - INFO - Set moving speed to 20%
2025-01-30 13:50:01,503 - INFO - Set moving speed to 20%
2025-01-30 13:50:01,545 - INFO - Set moving speed to 20%
2025-01-30 13:50:01,549 - INFO - Set moving speed to 20%
2025-01-30 13:50:01,559 - INFO - Set moving speed to 20%
2025-01-30 13:50:01,569 - INFO - Set moving speed to 20%
2025-01-30 13:50:01,576 - INFO - Set moving speed to 20%
2025-01-30 13:50:01,583 - INFO - Set moving speed to 20%
2025-01-30 13:50:01,595 - INFO - Set moving speed to 20%
2025-01-30 13:50:01,599 - INFO - Set moving speed to 20%
2025-01-30 13:50:01,609 - INFO - Set moving speed to 20%
2025-01-30 13:50:01,626 - INFO - Set moving speed to 20%
2025-01-30 13:50:01,775 - INFO - Set moving speed to 20%
2025-01-30 13:50:01,985 - INFO - Set positions: [ 33   0 -26  40  20   0]
2025-01-30 13:50:07,241 - INFO - Set moving speed to 20%
2025-01-30 13:50:07,337 - INFO - Set moving speed to 20%
2025-01-30 13:50:07,384 - INFO - Set moving speed to 20%
2025-01-30 13:50:07,497 - INFO - Set moving speed to 20%
2025-01-30 13:50:07,649 - INFO - Set moving speed to 20%
2025-01-30 13:50:07,749 - INFO - Set moving speed to 20%
2025-01-30 13:50:07,960 - INFO - Set positions: [ 33   0 -26  40  26   0]
2025-01-30 13:50:08,935 - INFO - Set moving speed to 20%
2025-01-30 13:50:08,951 - INFO - Set moving speed to 20%
2025-01-30 13:50:08,964 - INFO - Set moving speed to 20%
2025-01-30 13:50:08,971 - INFO - Set moving speed to 20%
2025-01-30 13:50:08,975 - INFO - Set moving speed to 20%
2025-01-30 13:50:08,985 - INFO - Set moving speed to 20%
2025-01-30 13:50:08,991 - INFO - Set moving speed to 20%
2025-01-30 13:50:09,000 - INFO - Set moving speed to 20%
2025-01-30 13:50:09,005 - INFO - Set moving speed to 20%
2025-01-30 13:50:09,041 - INFO - Set moving speed to 20%
2025-01-30 13:50:09,071 - INFO - Set moving speed to 20%
2025-01-30 13:50:09,099 - INFO - Set moving speed to 20%
2025-01-30 13:50:09,121 - INFO - Set moving speed to 20%
2025-01-30 13:50:09,151 - INFO - Set moving speed to 20%
2025-01-30 13:50:09,182 - INFO - Set moving speed to 20%
2025-01-30 13:50:09,217 - INFO - Set moving speed to 20%
2025-01-30 13:50:09,237 - INFO - Set moving speed to 20%
2025-01-30 13:50:09,257 - INFO - Set moving speed to 20%
2025-01-30 13:50:09,273 - INFO - Set moving speed to 20%
2025-01-30 13:50:09,464 - INFO - Set positions: [ 33   0 -26  40   4   0]
2025-01-30 13:50:16,494 - INFO - Set moving speed to 20%
2025-01-30 13:50:16,705 - INFO - Set positions: [ 33   0 -26  40   4  10]
2025-01-30 13:50:20,694 - INFO - Set moving speed to 20%
2025-01-30 13:50:20,905 - INFO - Set positions: [ 33   0 -26  40   4  20]
2025-01-30 13:50:23,742 - INFO - Set positions: [0, 0, 0, 0, 23, 0]
2025-01-30 13:50:23,743 - INFO - Gripper opened.
2025-01-30 13:52:16,607 - INFO - Created a socket
2025-01-30 13:52:19,011 - INFO - Gripper opened.
2025-01-30 13:52:19,012 - INFO - The Piper arm is enabled!
2025-01-30 13:52:27,183 - INFO - Set positions: [0, 0, 0, 0, 23, 0]
2025-01-30 13:52:27,185 - INFO - Gripper opened.
2025-01-30 13:52:30,291 - INFO - Gripper closed.
2025-01-30 13:52:30,946 - INFO - Gripper opened.
2025-01-30 13:52:32,522 - INFO - Set moving speed to 20%
2025-01-30 13:52:32,585 - INFO - Set moving speed to 20%
2025-01-30 13:52:32,596 - INFO - Set moving speed to 20%
2025-01-30 13:52:32,638 - INFO - Set moving speed to 20%
2025-01-30 13:52:32,658 - INFO - Set moving speed to 20%
2025-01-30 13:52:32,701 - INFO - Set moving speed to 20%
2025-01-30 13:52:32,722 - INFO - Set moving speed to 20%
2025-01-30 13:52:32,770 - INFO - Set moving speed to 20%
2025-01-30 13:52:32,810 - INFO - Set moving speed to 20%
2025-01-30 13:52:33,002 - INFO - Set positions: [ 9  0  0  0 20  0]
2025-01-30 13:52:35,630 - INFO - Set moving speed to 20%
2025-01-30 13:52:35,654 - INFO - Set moving speed to 20%
2025-01-30 13:52:35,687 - INFO - Set moving speed to 20%
2025-01-30 13:52:35,721 - INFO - Set moving speed to 20%
2025-01-30 13:52:35,776 - INFO - Set moving speed to 20%
2025-01-30 13:52:35,804 - INFO - Set moving speed to 20%
2025-01-30 13:52:35,838 - INFO - Set moving speed to 20%
2025-01-30 13:52:35,871 - INFO - Set moving speed to 20%
2025-01-30 13:52:35,921 - INFO - Set moving speed to 20%
2025-01-30 13:52:36,100 - INFO - Set moving speed to 20%
2025-01-30 13:52:36,311 - INFO - Set positions: [19  0  0  0 20  0]
2025-01-30 13:52:36,688 - INFO - Set moving speed to 20%
2025-01-30 13:52:36,726 - INFO - Set moving speed to 20%
2025-01-30 13:52:36,776 - INFO - Set moving speed to 20%
2025-01-30 13:52:36,822 - INFO - Set moving speed to 20%
2025-01-30 13:52:37,013 - INFO - Set positions: [23  0  0  0 20  0]
2025-01-30 13:52:37,072 - INFO - Set moving speed to 20%
2025-01-30 13:52:37,138 - INFO - Set moving speed to 20%
2025-01-30 13:52:37,164 - INFO - Set moving speed to 20%
2025-01-30 13:52:37,175 - INFO - Set moving speed to 20%
2025-01-30 13:52:37,205 - INFO - Set moving speed to 20%
2025-01-30 13:52:37,214 - INFO - Set moving speed to 20%
2025-01-30 13:52:37,272 - INFO - Set moving speed to 20%
2025-01-30 13:52:37,316 - INFO - Set moving speed to 20%
2025-01-30 13:52:37,372 - INFO - Set moving speed to 20%
2025-01-30 13:52:37,582 - INFO - Set positions: [34  0  0  0 20  0]
2025-01-30 13:52:42,028 - INFO - Set moving speed to 20%
2025-01-30 13:52:42,064 - INFO - Set moving speed to 20%
2025-01-30 13:52:42,114 - INFO - Set moving speed to 20%
2025-01-30 13:52:42,160 - INFO - Set moving speed to 20%
2025-01-30 13:52:42,201 - INFO - Set moving speed to 20%
2025-01-30 13:52:42,250 - INFO - Set moving speed to 20%
2025-01-30 13:52:42,310 - INFO - Set moving speed to 20%
2025-01-30 13:52:42,332 - INFO - Set moving speed to 20%
2025-01-30 13:52:42,360 - INFO - Set moving speed to 20%
2025-01-30 13:52:42,376 - INFO - Set moving speed to 20%
2025-01-30 13:52:42,386 - INFO - Set moving speed to 20%
2025-01-30 13:52:42,412 - INFO - Set moving speed to 20%
2025-01-30 13:52:42,426 - INFO - Set moving speed to 20%
2025-01-30 13:52:42,448 - INFO - Set moving speed to 20%
2025-01-30 13:52:42,468 - INFO - Set moving speed to 20%
2025-01-30 13:52:42,493 - INFO - Set moving speed to 20%
2025-01-30 13:52:42,526 - INFO - Set moving speed to 20%
2025-01-30 13:52:42,594 - INFO - Set moving speed to 20%
2025-01-30 13:52:42,660 - INFO - Set moving speed to 20%
2025-01-30 13:52:42,760 - INFO - Set moving speed to 20%
2025-01-30 13:52:42,972 - INFO - Set positions: [ 34   0 -20   0  20   0]
2025-01-30 13:52:54,951 - INFO - Set moving speed to 20%
2025-01-30 13:52:54,981 - INFO - Set moving speed to 20%
2025-01-30 13:52:55,037 - INFO - Set moving speed to 20%
2025-01-30 13:52:55,104 - INFO - Set moving speed to 20%
2025-01-30 13:52:55,317 - INFO - Set positions: [ 34   0 -24   0  20   0]
2025-01-30 13:53:00,726 - INFO - Set moving speed to 20%
2025-01-30 13:53:00,750 - INFO - Set moving speed to 20%
2025-01-30 13:53:00,758 - INFO - Set moving speed to 20%
2025-01-30 13:53:00,792 - INFO - Set moving speed to 20%
2025-01-30 13:53:00,859 - INFO - Set moving speed to 20%
2025-01-30 13:53:00,876 - INFO - Set moving speed to 20%
2025-01-30 13:53:00,925 - INFO - Set moving speed to 20%
2025-01-30 13:53:00,952 - INFO - Set moving speed to 20%
2025-01-30 13:53:00,974 - INFO - Set moving speed to 20%
2025-01-30 13:53:00,998 - INFO - Set moving speed to 20%
2025-01-30 13:53:01,028 - INFO - Set moving speed to 20%
2025-01-30 13:53:01,078 - INFO - Set moving speed to 20%
2025-01-30 13:53:01,126 - INFO - Set moving speed to 20%
2025-01-30 13:53:01,176 - INFO - Set moving speed to 20%
2025-01-30 13:53:01,387 - INFO - Set positions: [ 34   0 -38   0  20   0]
2025-01-30 13:53:05,880 - INFO - Set moving speed to 20%
2025-01-30 13:53:05,900 - INFO - Set moving speed to 20%
2025-01-30 13:53:05,904 - INFO - Set moving speed to 20%
2025-01-30 13:53:05,920 - INFO - Set moving speed to 20%
2025-01-30 13:53:05,986 - INFO - Set moving speed to 20%
2025-01-30 13:53:06,193 - INFO - Set positions: [ 34   0 -43   0  20   0]
2025-01-30 13:53:09,407 - INFO - Set positions: [0, 0, 0, 0, 23, 0]
2025-01-30 13:53:09,407 - INFO - Gripper opened.
2025-01-30 14:12:12,457 - INFO - Created a socket
2025-01-30 14:12:15,057 - INFO - Gripper opened.
2025-01-30 14:12:15,058 - INFO - The Piper arm is enabled!
2025-01-30 14:12:18,860 - INFO - Set moving speed to 20%
2025-01-30 14:12:18,861 - INFO - Set positions: [-1  0  0  0 20  0]
2025-01-30 14:12:18,883 - INFO - Set moving speed to 20%
2025-01-30 14:12:18,884 - INFO - Set positions: [-2  0  0  0 20  0]
2025-01-30 14:12:18,886 - INFO - Set moving speed to 20%
2025-01-30 14:12:18,887 - INFO - Set positions: [-3  0  0  0 20  0]
2025-01-30 14:12:18,921 - INFO - Set moving speed to 20%
2025-01-30 14:12:18,922 - INFO - Set positions: [-4  0  0  0 20  0]
2025-01-30 14:12:18,926 - INFO - Set moving speed to 20%
2025-01-30 14:12:18,927 - INFO - Set positions: [-5  0  0  0 20  0]
2025-01-30 14:12:18,951 - INFO - Set moving speed to 20%
2025-01-30 14:12:18,952 - INFO - Set positions: [-6  0  0  0 20  0]
2025-01-30 14:12:18,956 - INFO - Set moving speed to 20%
2025-01-30 14:12:18,957 - INFO - Set positions: [-7  0  0  0 20  0]
2025-01-30 14:12:18,976 - INFO - Set moving speed to 20%
2025-01-30 14:12:18,977 - INFO - Set positions: [-8  0  0  0 20  0]
2025-01-30 14:12:19,018 - INFO - Set moving speed to 20%
2025-01-30 14:12:19,021 - INFO - Set positions: [-9  0  0  0 20  0]
2025-01-30 14:12:22,062 - INFO - Set moving speed to 20%
2025-01-30 14:12:22,063 - INFO - Set positions: [-10   0   0   0  20   0]
2025-01-30 14:12:22,094 - INFO - Set moving speed to 20%
2025-01-30 14:12:22,097 - INFO - Set positions: [-11   0   0   0  20   0]
2025-01-30 14:12:22,188 - INFO - Set moving speed to 20%
2025-01-30 14:12:22,189 - INFO - Set positions: [-12   0   0   0  20   0]
2025-01-30 14:12:22,215 - INFO - Set moving speed to 20%
2025-01-30 14:12:22,216 - INFO - Set positions: [-13   0   0   0  20   0]
2025-01-30 14:12:22,230 - INFO - Set moving speed to 20%
2025-01-30 14:12:22,230 - INFO - Set positions: [-14   0   0   0  20   0]
2025-01-30 14:12:22,337 - INFO - Set moving speed to 20%
2025-01-30 14:12:22,337 - INFO - Set positions: [-15   0   0   0  20   0]
2025-01-30 14:12:22,356 - INFO - Set moving speed to 20%
2025-01-30 14:12:22,357 - INFO - Set positions: [-16   0   0   0  20   0]
2025-01-30 14:12:22,372 - INFO - Set moving speed to 20%
2025-01-30 14:12:22,373 - INFO - Set positions: [-17   0   0   0  20   0]
2025-01-30 14:12:22,406 - INFO - Set moving speed to 20%
2025-01-30 14:12:22,407 - INFO - Set positions: [-18   0   0   0  20   0]
2025-01-30 14:12:22,446 - INFO - Set moving speed to 20%
2025-01-30 14:12:22,446 - INFO - Set positions: [-19   0   0   0  20   0]
2025-01-30 14:12:22,476 - INFO - Set moving speed to 20%
2025-01-30 14:12:22,476 - INFO - Set positions: [-20   0   0   0  20   0]
2025-01-30 14:12:22,504 - INFO - Set moving speed to 20%
2025-01-30 14:12:22,505 - INFO - Set positions: [-21   0   0   0  20   0]
2025-01-30 14:12:22,526 - INFO - Set moving speed to 20%
2025-01-30 14:12:22,527 - INFO - Set positions: [-22   0   0   0  20   0]
2025-01-30 14:12:22,542 - INFO - Set moving speed to 20%
2025-01-30 14:12:22,543 - INFO - Set positions: [-23   0   0   0  20   0]
2025-01-30 14:12:22,554 - INFO - Set moving speed to 20%
2025-01-30 14:12:22,555 - INFO - Set positions: [-24   0   0   0  20   0]
2025-01-30 14:12:22,562 - INFO - Set moving speed to 20%
2025-01-30 14:12:22,562 - INFO - Set positions: [-25   0   0   0  20   0]
2025-01-30 14:12:22,588 - INFO - Set moving speed to 20%
2025-01-30 14:12:22,588 - INFO - Set positions: [-26   0   0   0  20   0]
2025-01-30 14:12:22,612 - INFO - Set moving speed to 20%
2025-01-30 14:12:22,613 - INFO - Set positions: [-27   0   0   0  20   0]
2025-01-30 14:12:22,628 - INFO - Set moving speed to 20%
2025-01-30 14:12:22,628 - INFO - Set positions: [-28   0   0   0  20   0]
2025-01-30 14:12:22,654 - INFO - Set moving speed to 20%
2025-01-30 14:12:22,655 - INFO - Set positions: [-29   0   0   0  20   0]
2025-01-30 14:12:22,677 - INFO - Set moving speed to 20%
2025-01-30 14:12:22,678 - INFO - Set positions: [-30   0   0   0  20   0]
2025-01-30 14:12:22,694 - INFO - Set moving speed to 20%
2025-01-30 14:12:22,694 - INFO - Set positions: [-31   0   0   0  20   0]
2025-01-30 14:12:22,721 - INFO - Set moving speed to 20%
2025-01-30 14:12:22,721 - INFO - Set positions: [-32   0   0   0  20   0]
2025-01-30 14:12:22,737 - INFO - Set moving speed to 20%
2025-01-30 14:12:22,738 - INFO - Set positions: [-33   0   0   0  20   0]
2025-01-30 14:12:22,758 - INFO - Set moving speed to 20%
2025-01-30 14:12:22,758 - INFO - Set positions: [-34   0   0   0  20   0]
2025-01-30 14:12:22,780 - INFO - Set moving speed to 20%
2025-01-30 14:12:22,780 - INFO - Set positions: [-35   0   0   0  20   0]
2025-01-30 14:12:22,804 - INFO - Set moving speed to 20%
2025-01-30 14:12:22,805 - INFO - Set positions: [-36   0   0   0  20   0]
2025-01-30 14:12:22,837 - INFO - Set moving speed to 20%
2025-01-30 14:12:22,837 - INFO - Set positions: [-37   0   0   0  20   0]
2025-01-30 14:12:22,871 - INFO - Set moving speed to 20%
2025-01-30 14:12:22,872 - INFO - Set positions: [-38   0   0   0  20   0]
2025-01-30 14:12:22,894 - INFO - Set moving speed to 20%
2025-01-30 14:12:22,894 - INFO - Set positions: [-39   0   0   0  20   0]
2025-01-30 14:12:22,910 - INFO - Set moving speed to 20%
2025-01-30 14:12:22,911 - INFO - Set positions: [-41   0   0   0  20   0]
2025-01-30 14:12:22,926 - INFO - Set moving speed to 20%
2025-01-30 14:12:22,928 - INFO - Set positions: [-42   0   0   0  20   0]
2025-01-30 14:12:22,940 - INFO - Set moving speed to 20%
2025-01-30 14:12:22,941 - INFO - Set positions: [-43   0   0   0  20   0]
2025-01-30 14:12:22,970 - INFO - Set moving speed to 20%
2025-01-30 14:12:22,971 - INFO - Set positions: [-44   0   0   0  20   0]
2025-01-30 14:12:22,990 - INFO - Set moving speed to 20%
2025-01-30 14:12:22,991 - INFO - Set positions: [-45   0   0   0  20   0]
2025-01-30 14:12:23,022 - INFO - Set moving speed to 20%
2025-01-30 14:12:23,023 - INFO - Set positions: [-46   0   0   0  20   0]
2025-01-30 14:12:23,053 - INFO - Set moving speed to 20%
2025-01-30 14:12:23,054 - INFO - Set positions: [-47   0   0   0  20   0]
2025-01-30 14:12:23,076 - INFO - Set moving speed to 20%
2025-01-30 14:12:23,076 - INFO - Set positions: [-48   0   0   0  20   0]
2025-01-30 14:12:23,106 - INFO - Set moving speed to 20%
2025-01-30 14:12:23,106 - INFO - Set positions: [-49   0   0   0  20   0]
2025-01-30 14:12:23,172 - INFO - Set moving speed to 20%
2025-01-30 14:12:23,172 - INFO - Set positions: [-50   0   0   0  20   0]
2025-01-30 14:12:23,202 - INFO - Set moving speed to 20%
2025-01-30 14:12:23,202 - INFO - Set positions: [-51   0   0   0  20   0]
2025-01-30 14:12:23,228 - INFO - Set moving speed to 20%
2025-01-30 14:12:23,229 - INFO - Set positions: [-52   0   0   0  20   0]
2025-01-30 14:12:23,258 - INFO - Set moving speed to 20%
2025-01-30 14:12:23,259 - INFO - Set positions: [-53   0   0   0  20   0]
2025-01-30 14:12:23,308 - INFO - Set moving speed to 20%
2025-01-30 14:12:23,309 - INFO - Set positions: [-54   0   0   0  20   0]
2025-01-30 14:12:23,348 - INFO - Set moving speed to 20%
2025-01-30 14:12:23,348 - INFO - Set positions: [-55   0   0   0  20   0]
2025-01-30 14:12:27,692 - INFO - Set moving speed to 20%
2025-01-30 14:12:27,692 - INFO - Set positions: [-55   1   0   0  20   0]
2025-01-30 14:12:27,768 - INFO - Set moving speed to 20%
2025-01-30 14:12:27,769 - INFO - Set positions: [-55   2   0   0  20   0]
2025-01-30 14:12:27,812 - INFO - Set moving speed to 20%
2025-01-30 14:12:27,813 - INFO - Set positions: [-55   3   0   0  20   0]
2025-01-30 14:12:27,878 - INFO - Set moving speed to 20%
2025-01-30 14:12:27,879 - INFO - Set positions: [-55   4   0   0  20   0]
2025-01-30 14:12:28,172 - INFO - Set moving speed to 20%
2025-01-30 14:12:28,173 - INFO - Set positions: [-55   5   0   0  20   0]
2025-01-30 14:12:28,262 - INFO - Set moving speed to 20%
2025-01-30 14:12:28,262 - INFO - Set positions: [-55   6   0   0  20   0]
2025-01-30 14:12:28,662 - INFO - Set moving speed to 20%
2025-01-30 14:12:28,662 - INFO - Set positions: [-55   7   0   0  20   0]
2025-01-30 14:12:31,252 - INFO - Set moving speed to 20%
2025-01-30 14:12:31,252 - INFO - Set positions: [-55   8   0   0  20   0]
2025-01-30 14:12:31,296 - INFO - Set moving speed to 20%
2025-01-30 14:12:31,297 - INFO - Set positions: [-55   9   0   0  20   0]
2025-01-30 14:12:31,397 - INFO - Set moving speed to 20%
2025-01-30 14:12:31,398 - INFO - Set positions: [-55  10   0   0  20   0]
2025-01-30 14:12:31,530 - INFO - Set moving speed to 20%
2025-01-30 14:12:31,531 - INFO - Set positions: [-55  11   0   0  20   0]
2025-01-30 14:12:31,580 - INFO - Set moving speed to 20%
2025-01-30 14:12:31,581 - INFO - Set positions: [-55  12   0   0  20   0]
2025-01-30 14:12:31,679 - INFO - Set moving speed to 20%
2025-01-30 14:12:31,680 - INFO - Set positions: [-55  13   0   0  20   0]
2025-01-30 14:12:31,716 - INFO - Set moving speed to 20%
2025-01-30 14:12:31,717 - INFO - Set positions: [-55  14   0   0  20   0]
2025-01-30 14:12:31,796 - INFO - Set moving speed to 20%
2025-01-30 14:12:31,797 - INFO - Set positions: [-55  15   0   0  20   0]
2025-01-30 14:12:31,862 - INFO - Set moving speed to 20%
2025-01-30 14:12:31,863 - INFO - Set positions: [-55  16   0   0  20   0]
2025-01-30 14:12:31,932 - INFO - Set moving speed to 20%
2025-01-30 14:12:31,932 - INFO - Set positions: [-55  17   0   0  20   0]
2025-01-30 14:12:32,201 - INFO - Set moving speed to 20%
2025-01-30 14:12:32,202 - INFO - Set positions: [-55  18   0   0  20   0]
2025-01-30 14:12:32,260 - INFO - Set moving speed to 20%
2025-01-30 14:12:32,261 - INFO - Set positions: [-55  19   0   0  20   0]
2025-01-30 14:12:32,313 - INFO - Set moving speed to 20%
2025-01-30 14:12:32,314 - INFO - Set positions: [-55  20   0   0  20   0]
2025-01-30 14:12:32,882 - INFO - Set moving speed to 20%
2025-01-30 14:12:32,883 - INFO - Set positions: [-55  21   0   0  20   0]
2025-01-30 14:12:32,938 - INFO - Set moving speed to 20%
2025-01-30 14:12:32,939 - INFO - Set positions: [-55  22   0   0  20   0]
2025-01-30 14:12:33,036 - INFO - Set moving speed to 20%
2025-01-30 14:12:33,037 - INFO - Set positions: [-55  23   0   0  20   0]
2025-01-30 14:12:35,102 - INFO - Set moving speed to 20%
2025-01-30 14:12:35,103 - INFO - Set positions: [-55  23  -1   0  20   0]
2025-01-30 14:12:35,118 - INFO - Set moving speed to 20%
2025-01-30 14:12:35,118 - INFO - Set positions: [-55  23  -2   0  20   0]
2025-01-30 14:12:35,130 - INFO - Set moving speed to 20%
2025-01-30 14:12:35,130 - INFO - Set positions: [-55  23  -3   0  20   0]
2025-01-30 14:12:35,136 - INFO - Set moving speed to 20%
2025-01-30 14:12:35,137 - INFO - Set positions: [-55  23  -4   0  20   0]
2025-01-30 14:12:35,146 - INFO - Set moving speed to 20%
2025-01-30 14:12:35,147 - INFO - Set positions: [-55  23  -5   0  20   0]
2025-01-30 14:12:35,152 - INFO - Set moving speed to 20%
2025-01-30 14:12:35,153 - INFO - Set positions: [-55  23  -6   0  20   0]
2025-01-30 14:12:35,183 - INFO - Set moving speed to 20%
2025-01-30 14:12:35,184 - INFO - Set positions: [-55  23  -7   0  20   0]
2025-01-30 14:12:35,280 - INFO - Set moving speed to 20%
2025-01-30 14:12:35,281 - INFO - Set positions: [-55  23  -8   0  20   0]
2025-01-30 14:12:35,313 - INFO - Set moving speed to 20%
2025-01-30 14:12:35,314 - INFO - Set positions: [-55  23  -9   0  20   0]
2025-01-30 14:12:35,338 - INFO - Set moving speed to 20%
2025-01-30 14:12:35,339 - INFO - Set positions: [-55  23 -10   0  20   0]
2025-01-30 14:12:35,368 - INFO - Set moving speed to 20%
2025-01-30 14:12:35,369 - INFO - Set positions: [-55  23 -11   0  20   0]
2025-01-30 14:12:35,438 - INFO - Set moving speed to 20%
2025-01-30 14:12:35,439 - INFO - Set positions: [-55  23 -12   0  20   0]
2025-01-30 14:12:35,480 - INFO - Set moving speed to 20%
2025-01-30 14:12:35,481 - INFO - Set positions: [-55  23 -13   0  20   0]
2025-01-30 14:12:35,513 - INFO - Set moving speed to 20%
2025-01-30 14:12:35,514 - INFO - Set positions: [-55  23 -14   0  20   0]
2025-01-30 14:12:35,574 - INFO - Set moving speed to 20%
2025-01-30 14:12:35,575 - INFO - Set positions: [-55  23 -15   0  20   0]
2025-01-30 14:12:35,656 - INFO - Set moving speed to 20%
2025-01-30 14:12:35,657 - INFO - Set positions: [-55  23 -16   0  20   0]
2025-01-30 14:12:35,702 - INFO - Set moving speed to 20%
2025-01-30 14:12:35,703 - INFO - Set positions: [-55  23 -17   0  20   0]
2025-01-30 14:12:35,752 - INFO - Set moving speed to 20%
2025-01-30 14:12:35,753 - INFO - Set positions: [-55  23 -18   0  20   0]
2025-01-30 14:12:35,768 - INFO - Set moving speed to 20%
2025-01-30 14:12:35,769 - INFO - Set positions: [-55  23 -19   0  20   0]
2025-01-30 14:12:35,798 - INFO - Set moving speed to 20%
2025-01-30 14:12:35,798 - INFO - Set positions: [-55  23 -20   0  20   0]
2025-01-30 14:12:35,808 - INFO - Set moving speed to 20%
2025-01-30 14:12:35,808 - INFO - Set positions: [-55  23 -21   0  20   0]
2025-01-30 14:12:35,834 - INFO - Set moving speed to 20%
2025-01-30 14:12:35,835 - INFO - Set positions: [-55  23 -22   0  20   0]
2025-01-30 14:12:35,848 - INFO - Set moving speed to 20%
2025-01-30 14:12:35,849 - INFO - Set positions: [-55  23 -23   0  20   0]
2025-01-30 14:12:35,854 - INFO - Set moving speed to 20%
2025-01-30 14:12:35,855 - INFO - Set positions: [-55  23 -24   0  20   0]
2025-01-30 14:12:35,874 - INFO - Set moving speed to 20%
2025-01-30 14:12:35,876 - INFO - Set positions: [-55  23 -25   0  20   0]
2025-01-30 14:12:35,881 - INFO - Set moving speed to 20%
2025-01-30 14:12:35,882 - INFO - Set positions: [-55  23 -26   0  20   0]
2025-01-30 14:12:35,888 - INFO - Set moving speed to 20%
2025-01-30 14:12:35,888 - INFO - Set positions: [-55  23 -27   0  20   0]
2025-01-30 14:12:35,918 - INFO - Set moving speed to 20%
2025-01-30 14:12:35,919 - INFO - Set positions: [-55  23 -28   0  20   0]
2025-01-30 14:12:35,986 - INFO - Set moving speed to 20%
2025-01-30 14:12:35,988 - INFO - Set positions: [-55  23 -29   0  20   0]
2025-01-30 14:12:36,016 - INFO - Set moving speed to 20%
2025-01-30 14:12:36,017 - INFO - Set positions: [-55  23 -30   0  20   0]
2025-01-30 14:12:36,174 - INFO - Set moving speed to 20%
2025-01-30 14:12:36,176 - INFO - Set positions: [-55  23 -31   0  20   0]
2025-01-30 14:12:36,218 - INFO - Set moving speed to 20%
2025-01-30 14:12:36,219 - INFO - Set positions: [-55  23 -32   0  20   0]
2025-01-30 14:12:36,238 - INFO - Set moving speed to 20%
2025-01-30 14:12:36,239 - INFO - Set positions: [-55  23 -33   0  20   0]
2025-01-30 14:12:36,256 - INFO - Set moving speed to 20%
2025-01-30 14:12:36,257 - INFO - Set positions: [-55  23 -34   0  20   0]
2025-01-30 14:12:36,270 - INFO - Set moving speed to 20%
2025-01-30 14:12:36,271 - INFO - Set positions: [-55  23 -35   0  20   0]
2025-01-30 14:12:36,286 - INFO - Set moving speed to 20%
2025-01-30 14:12:36,287 - INFO - Set positions: [-55  23 -36   0  20   0]
2025-01-30 14:12:36,315 - INFO - Set moving speed to 20%
2025-01-30 14:12:36,317 - INFO - Set positions: [-55  23 -37   0  20   0]
2025-01-30 14:12:36,331 - INFO - Set moving speed to 20%
2025-01-30 14:12:36,332 - INFO - Set positions: [-55  23 -38   0  20   0]
2025-01-30 14:12:36,342 - INFO - Set moving speed to 20%
2025-01-30 14:12:36,343 - INFO - Set positions: [-55  23 -39   0  20   0]
2025-01-30 14:12:36,366 - INFO - Set moving speed to 20%
2025-01-30 14:12:36,367 - INFO - Set positions: [-55  23 -40   0  20   0]
2025-01-30 14:12:36,392 - INFO - Set moving speed to 20%
2025-01-30 14:12:36,393 - INFO - Set positions: [-55  23 -41   0  20   0]
2025-01-30 14:12:36,438 - INFO - Set moving speed to 20%
2025-01-30 14:12:36,439 - INFO - Set positions: [-55  23 -42   0  20   0]
2025-01-30 14:12:36,452 - INFO - Set moving speed to 20%
2025-01-30 14:12:36,453 - INFO - Set positions: [-55  23 -43   0  20   0]
2025-01-30 14:12:36,488 - INFO - Set moving speed to 20%
2025-01-30 14:12:36,489 - INFO - Set positions: [-55  23 -44   0  20   0]
2025-01-30 14:12:36,492 - INFO - Set moving speed to 20%
2025-01-30 14:12:36,492 - INFO - Set positions: [-55  23 -45   0  20   0]
2025-01-30 14:12:36,502 - INFO - Set moving speed to 20%
2025-01-30 14:12:36,502 - INFO - Set positions: [-55  23 -46   0  20   0]
2025-01-30 14:12:36,518 - INFO - Set moving speed to 20%
2025-01-30 14:12:36,518 - INFO - Set positions: [-55  23 -47   0  20   0]
2025-01-30 14:12:36,531 - INFO - Set moving speed to 20%
2025-01-30 14:12:36,532 - INFO - Set positions: [-55  23 -48   0  20   0]
2025-01-30 14:12:36,548 - INFO - Set moving speed to 20%
2025-01-30 14:12:36,549 - INFO - Set positions: [-55  23 -49   0  20   0]
2025-01-30 14:12:36,589 - INFO - Set moving speed to 20%
2025-01-30 14:12:36,589 - INFO - Set positions: [-55  23 -50   0  20   0]
2025-01-30 14:12:36,624 - INFO - Set moving speed to 20%
2025-01-30 14:12:36,625 - INFO - Set positions: [-55  23 -51   0  20   0]
2025-01-30 14:12:36,665 - INFO - Set moving speed to 20%
2025-01-30 14:12:36,666 - INFO - Set positions: [-55  23 -52   0  20   0]
2025-01-30 14:12:36,684 - INFO - Set moving speed to 20%
2025-01-30 14:12:36,685 - INFO - Set positions: [-55  23 -53   0  20   0]
2025-01-30 14:12:36,720 - INFO - Set moving speed to 20%
2025-01-30 14:12:36,722 - INFO - Set positions: [-55  23 -54   0  20   0]
2025-01-30 14:12:36,748 - INFO - Set moving speed to 20%
2025-01-30 14:12:36,749 - INFO - Set positions: [-55  23 -55   0  20   0]
2025-01-30 14:12:36,767 - INFO - Set moving speed to 20%
2025-01-30 14:12:36,767 - INFO - Set positions: [-55  23 -56   0  20   0]
2025-01-30 14:12:36,806 - INFO - Set moving speed to 20%
2025-01-30 14:12:36,807 - INFO - Set positions: [-55  23 -57   0  20   0]
2025-01-30 14:12:36,832 - INFO - Set moving speed to 20%
2025-01-30 14:12:36,832 - INFO - Set positions: [-55  23 -58   0  20   0]
2025-01-30 14:12:36,858 - INFO - Set moving speed to 20%
2025-01-30 14:12:36,858 - INFO - Set positions: [-55  23 -59   0  20   0]
2025-01-30 14:12:36,886 - INFO - Set moving speed to 20%
2025-01-30 14:12:36,887 - INFO - Set positions: [-55  23 -60   0  20   0]
2025-01-30 14:12:36,915 - INFO - Set moving speed to 20%
2025-01-30 14:12:36,916 - INFO - Set positions: [-55  23 -61   0  20   0]
2025-01-30 14:12:36,953 - INFO - Set moving speed to 20%
2025-01-30 14:12:36,954 - INFO - Set positions: [-55  23 -62   0  20   0]
2025-01-30 14:12:36,982 - INFO - Set moving speed to 20%
2025-01-30 14:12:36,982 - INFO - Set positions: [-55  23 -63   0  20   0]
2025-01-30 14:12:37,004 - INFO - Set moving speed to 20%
2025-01-30 14:12:37,004 - INFO - Set positions: [-55  23 -64   0  20   0]
2025-01-30 14:12:37,038 - INFO - Set moving speed to 20%
2025-01-30 14:12:37,039 - INFO - Set positions: [-55  23 -65   0  20   0]
2025-01-30 14:12:37,066 - INFO - Set moving speed to 20%
2025-01-30 14:12:37,067 - INFO - Set positions: [-55  23 -66   0  20   0]
2025-01-30 14:12:37,098 - INFO - Set moving speed to 20%
2025-01-30 14:12:37,099 - INFO - Set positions: [-55  23 -67   0  20   0]
2025-01-30 14:12:37,118 - INFO - Set moving speed to 20%
2025-01-30 14:12:37,118 - INFO - Set positions: [-55  23 -68   0  20   0]
2025-01-30 14:12:37,168 - INFO - Set moving speed to 20%
2025-01-30 14:12:37,169 - INFO - Set positions: [-55  23 -69   0  20   0]
2025-01-30 14:12:42,267 - INFO - Set positions: [0, 0, 0, 0, 23, 0]
2025-01-30 14:12:42,267 - INFO - Gripper opened.
2025-01-30 14:13:03,958 - INFO - Created a socket
2025-01-30 14:13:06,579 - INFO - Gripper opened.
2025-01-30 14:13:06,579 - INFO - The Piper arm is enabled!
2025-01-30 14:13:08,152 - INFO - Set moving speed to 20%
2025-01-30 14:13:08,153 - INFO - Set positions: [-1  0  0  0 20  0]
2025-01-30 14:13:08,168 - INFO - Set moving speed to 20%
2025-01-30 14:13:08,169 - INFO - Set positions: [-2  0  0  0 20  0]
2025-01-30 14:13:08,193 - INFO - Set moving speed to 20%
2025-01-30 14:13:08,194 - INFO - Set positions: [-3  0  0  0 20  0]
2025-01-30 14:13:08,222 - INFO - Set moving speed to 20%
2025-01-30 14:13:08,223 - INFO - Set positions: [-4  0  0  0 20  0]
2025-01-30 14:13:08,249 - INFO - Set moving speed to 20%
2025-01-30 14:13:08,249 - INFO - Set positions: [-5  0  0  0 20  0]
2025-01-30 14:13:08,290 - INFO - Set moving speed to 20%
2025-01-30 14:13:08,291 - INFO - Set positions: [-6  0  0  0 20  0]
2025-01-30 14:13:08,307 - INFO - Set moving speed to 20%
2025-01-30 14:13:08,307 - INFO - Set positions: [-7  0  0  0 20  0]
2025-01-30 14:13:08,315 - INFO - Set moving speed to 20%
2025-01-30 14:13:08,316 - INFO - Set positions: [-8  0  0  0 20  0]
2025-01-30 14:13:08,318 - INFO - Set moving speed to 20%
2025-01-30 14:13:08,319 - INFO - Set positions: [-9  0  0  0 20  0]
2025-01-30 14:13:08,334 - INFO - Set moving speed to 20%
2025-01-30 14:13:08,337 - INFO - Set positions: [-10   0   0   0  20   0]
2025-01-30 14:13:08,401 - INFO - Set moving speed to 20%
2025-01-30 14:13:08,402 - INFO - Set positions: [-11   0   0   0  20   0]
2025-01-30 14:13:08,523 - INFO - Set moving speed to 20%
2025-01-30 14:13:08,523 - INFO - Set positions: [-12   0   0   0  20   0]
2025-01-30 14:13:09,809 - INFO - Set moving speed to 20%
2025-01-30 14:13:09,810 - INFO - Set positions: [-12   0  -1   0  20   0]
2025-01-30 14:13:09,814 - INFO - Set moving speed to 20%
2025-01-30 14:13:09,815 - INFO - Set positions: [-12   0  -3   0  20   0]
2025-01-30 14:13:09,826 - INFO - Set moving speed to 20%
2025-01-30 14:13:09,827 - INFO - Set positions: [-12   0  -4   0  20   0]
2025-01-30 14:13:09,828 - INFO - Set moving speed to 20%
2025-01-30 14:13:09,829 - INFO - Set positions: [-12   0  -7   0  20   0]
2025-01-30 14:13:09,842 - INFO - Set moving speed to 20%
2025-01-30 14:13:09,842 - INFO - Set positions: [-12   0 -10   0  20   0]
2025-01-30 14:13:09,848 - INFO - Set moving speed to 20%
2025-01-30 14:13:09,849 - INFO - Set positions: [-12   0 -12   0  20   0]
2025-01-30 14:13:09,858 - INFO - Set moving speed to 20%
2025-01-30 14:13:09,859 - INFO - Set positions: [-12   0 -15   0  20   0]
2025-01-30 14:13:09,864 - INFO - Set moving speed to 20%
2025-01-30 14:13:09,865 - INFO - Set positions: [-12   0 -17   0  20   0]
2025-01-30 14:13:09,871 - INFO - Set moving speed to 20%
2025-01-30 14:13:09,873 - INFO - Set positions: [-12   0 -18   0  20   0]
2025-01-30 14:13:09,881 - INFO - Set moving speed to 20%
2025-01-30 14:13:09,882 - INFO - Set positions: [-12   0 -19   0  20   0]
2025-01-30 14:13:11,113 - INFO - Set moving speed to 20%
2025-01-30 14:13:11,113 - INFO - Set positions: [-12   1 -19   0  20   0]
2025-01-30 14:13:11,148 - INFO - Set moving speed to 20%
2025-01-30 14:13:11,149 - INFO - Set positions: [-12   2 -19   0  20   0]
2025-01-30 14:13:11,188 - INFO - Set moving speed to 20%
2025-01-30 14:13:11,189 - INFO - Set positions: [-12   3 -19   0  20   0]
2025-01-30 14:13:11,227 - INFO - Set moving speed to 20%
2025-01-30 14:13:11,228 - INFO - Set positions: [-12   4 -19   0  20   0]
2025-01-30 14:13:11,244 - INFO - Set moving speed to 20%
2025-01-30 14:13:11,245 - INFO - Set positions: [-12   5 -19   0  20   0]
2025-01-30 14:13:11,254 - INFO - Set moving speed to 20%
2025-01-30 14:13:11,255 - INFO - Set positions: [-12   6 -19   0  20   0]
2025-01-30 14:13:11,272 - INFO - Set moving speed to 20%
2025-01-30 14:13:11,273 - INFO - Set positions: [-12   7 -19   0  20   0]
2025-01-30 14:13:11,301 - INFO - Set moving speed to 20%
2025-01-30 14:13:11,303 - INFO - Set positions: [-12   8 -19   0  20   0]
2025-01-30 14:13:11,321 - INFO - Set moving speed to 20%
2025-01-30 14:13:11,322 - INFO - Set positions: [-12   9 -19   0  20   0]
2025-01-30 14:13:11,344 - INFO - Set moving speed to 20%
2025-01-30 14:13:11,345 - INFO - Set positions: [-12  10 -19   0  20   0]
2025-01-30 14:13:11,368 - INFO - Set moving speed to 20%
2025-01-30 14:13:11,369 - INFO - Set positions: [-12  11 -19   0  20   0]
2025-01-30 14:13:11,394 - INFO - Set moving speed to 20%
2025-01-30 14:13:11,394 - INFO - Set positions: [-12  12 -19   0  20   0]
2025-01-30 14:13:11,411 - INFO - Set moving speed to 20%
2025-01-30 14:13:11,412 - INFO - Set positions: [-12  13 -19   0  20   0]
2025-01-30 14:13:11,427 - INFO - Set moving speed to 20%
2025-01-30 14:13:11,427 - INFO - Set positions: [-12  14 -19   0  20   0]
2025-01-30 14:13:11,429 - INFO - Set moving speed to 20%
2025-01-30 14:13:11,429 - INFO - Set positions: [-12  15 -19   0  20   0]
2025-01-30 14:13:11,439 - INFO - Set moving speed to 20%
2025-01-30 14:13:11,439 - INFO - Set positions: [-12  17 -19   0  20   0]
2025-01-30 14:13:11,454 - INFO - Set moving speed to 20%
2025-01-30 14:13:11,455 - INFO - Set positions: [-12  18 -19   0  20   0]
2025-01-30 14:13:11,481 - INFO - Set moving speed to 20%
2025-01-30 14:13:11,482 - INFO - Set positions: [-12  19 -19   0  20   0]
2025-01-30 14:13:11,497 - INFO - Set moving speed to 20%
2025-01-30 14:13:11,497 - INFO - Set positions: [-12  20 -19   0  20   0]
2025-01-30 14:13:14,035 - INFO - Set moving speed to 20%
2025-01-30 14:13:14,037 - INFO - Set positions: [-12  20 -19   1  20   0]
2025-01-30 14:13:14,085 - INFO - Set moving speed to 20%
2025-01-30 14:13:14,086 - INFO - Set positions: [-12  20 -19   2  20   0]
2025-01-30 14:13:14,113 - INFO - Set moving speed to 20%
2025-01-30 14:13:14,114 - INFO - Set positions: [-12  20 -19   3  20   0]
2025-01-30 14:13:14,155 - INFO - Set moving speed to 20%
2025-01-30 14:13:14,156 - INFO - Set positions: [-12  20 -19   4  20   0]
2025-01-30 14:13:14,189 - INFO - Set moving speed to 20%
2025-01-30 14:13:14,189 - INFO - Set positions: [-12  20 -19   5  20   0]
2025-01-30 14:13:14,199 - INFO - Set moving speed to 20%
2025-01-30 14:13:14,199 - INFO - Set positions: [-12  20 -19   6  20   0]
2025-01-30 14:13:14,213 - INFO - Set moving speed to 20%
2025-01-30 14:13:14,214 - INFO - Set positions: [-12  20 -19   7  20   0]
2025-01-30 14:13:14,219 - INFO - Set moving speed to 20%
2025-01-30 14:13:14,219 - INFO - Set positions: [-12  20 -19   8  20   0]
2025-01-30 14:13:14,341 - INFO - Set moving speed to 20%
2025-01-30 14:13:14,342 - INFO - Set positions: [-12  20 -19   9  20   0]
2025-01-30 14:13:14,383 - INFO - Set moving speed to 20%
2025-01-30 14:13:14,384 - INFO - Set positions: [-12  20 -19  10  20   0]
2025-01-30 14:13:14,422 - INFO - Set moving speed to 20%
2025-01-30 14:13:14,423 - INFO - Set positions: [-12  20 -19  11  20   0]
2025-01-30 14:13:14,447 - INFO - Set moving speed to 20%
2025-01-30 14:13:14,447 - INFO - Set positions: [-12  20 -19  12  20   0]
2025-01-30 14:13:14,483 - INFO - Set moving speed to 20%
2025-01-30 14:13:14,483 - INFO - Set positions: [-12  20 -19  13  20   0]
2025-01-30 14:13:14,522 - INFO - Set moving speed to 20%
2025-01-30 14:13:14,524 - INFO - Set positions: [-12  20 -19  14  20   0]
2025-01-30 14:13:14,588 - INFO - Set moving speed to 20%
2025-01-30 14:13:14,589 - INFO - Set positions: [-12  20 -19  15  20   0]
2025-01-30 14:13:14,614 - INFO - Set moving speed to 20%
2025-01-30 14:13:14,615 - INFO - Set positions: [-12  20 -19  16  20   0]
2025-01-30 14:13:14,647 - INFO - Set moving speed to 20%
2025-01-30 14:13:14,648 - INFO - Set positions: [-12  20 -19  17  20   0]
2025-01-30 14:13:14,674 - INFO - Set moving speed to 20%
2025-01-30 14:13:14,675 - INFO - Set positions: [-12  20 -19  18  20   0]
2025-01-30 14:13:16,505 - INFO - Set moving speed to 20%
2025-01-30 14:13:16,506 - INFO - Set positions: [-12  20 -19  18  19   0]
2025-01-30 14:13:16,566 - INFO - Set moving speed to 20%
2025-01-30 14:13:16,567 - INFO - Set positions: [-12  20 -19  18  18   0]
2025-01-30 14:13:16,582 - INFO - Set moving speed to 20%
2025-01-30 14:13:16,583 - INFO - Set positions: [-12  20 -19  18  17   0]
2025-01-30 14:13:16,599 - INFO - Set moving speed to 20%
2025-01-30 14:13:16,599 - INFO - Set positions: [-12  20 -19  18  16   0]
2025-01-30 14:13:16,616 - INFO - Set moving speed to 20%
2025-01-30 14:13:16,617 - INFO - Set positions: [-12  20 -19  18  15   0]
2025-01-30 14:13:16,632 - INFO - Set moving speed to 20%
2025-01-30 14:13:16,633 - INFO - Set positions: [-12  20 -19  18  14   0]
2025-01-30 14:13:16,640 - INFO - Set moving speed to 20%
2025-01-30 14:13:16,641 - INFO - Set positions: [-12  20 -19  18  13   0]
2025-01-30 14:13:16,667 - INFO - Set moving speed to 20%
2025-01-30 14:13:16,668 - INFO - Set positions: [-12  20 -19  18  12   0]
2025-01-30 14:13:16,707 - INFO - Set moving speed to 20%
2025-01-30 14:13:16,708 - INFO - Set positions: [-12  20 -19  18  11   0]
2025-01-30 14:13:16,859 - INFO - Set moving speed to 20%
2025-01-30 14:13:16,859 - INFO - Set positions: [-12  20 -19  18  10   0]
2025-01-30 14:13:16,932 - INFO - Set moving speed to 20%
2025-01-30 14:13:16,932 - INFO - Set positions: [-12  20 -19  18   9   0]
2025-01-30 14:13:32,900 - INFO - Created a socket
2025-01-30 14:13:39,251 - INFO - Gripper opened.
2025-01-30 14:13:39,252 - INFO - The Piper arm is enabled!
2025-01-30 14:13:42,910 - INFO - Set positions: [0, 0, 0, 0, 23, 0]
2025-01-30 14:13:42,911 - INFO - Gripper opened.
